[0.700s] DEBUG:colcon:Command line arguments: ['/usr/bin/colcon', 'build']
[0.700s] DEBUG:colcon:Parsed command line arguments: Namespace(log_base=None, log_level=None, verb_name='build', build_base='build', install_base='install', merge_install=False, symlink_install=False, test_result_base=None, continue_on_error=False, executor='parallel', parallel_workers=16, event_handlers=None, ignore_user_meta=False, metas=['./colcon.meta'], base_paths=['.'], packages_ignore=None, packages_ignore_regex=None, paths=None, packages_up_to=None, packages_up_to_regex=None, packages_above=None, packages_above_and_dependencies=None, packages_above_depth=None, packages_select_by_dep=None, packages_skip_by_dep=None, packages_skip_up_to=None, packages_select_build_failed=False, packages_skip_build_finished=False, packages_select_test_failures=False, packages_skip_test_passed=False, packages_select=None, packages_skip=None, packages_select_regex=None, packages_skip_regex=None, packages_start=None, packages_end=None, allow_overriding=[], cmake_args=None, cmake_target=None, cmake_target_skip_unavailable=False, cmake_clean_cache=False, cmake_clean_first=False, cmake_force_configure=False, ament_cmake_args=None, catkin_cmake_args=None, catkin_skip_building_tests=False, verb_parser=<colcon_defaults.argument_parser.defaults.DefaultArgumentsDecorator object at 0x71964097fa60>, verb_extension=<colcon_core.verb.build.BuildVerb object at 0x719640c01480>, main=<bound method BuildVerb.main of <colcon_core.verb.build.BuildVerb object at 0x719640c01480>>)
[0.733s] Level 1:colcon.colcon_core.package_discovery:discover_packages(colcon_meta) check parameters
[0.733s] Level 1:colcon.colcon_core.package_discovery:discover_packages(recursive) check parameters
[0.733s] Level 1:colcon.colcon_core.package_discovery:discover_packages(ignore) check parameters
[0.733s] Level 1:colcon.colcon_core.package_discovery:discover_packages(path) check parameters
[0.733s] Level 1:colcon.colcon_core.package_discovery:discover_packages(colcon_meta) discover
[0.733s] Level 1:colcon.colcon_core.package_discovery:discover_packages(recursive) discover
[0.733s] INFO:colcon.colcon_core.package_discovery:Crawling recursively for packages in '/home/agilex/agilex_mx'
[0.733s] Level 1:colcon.colcon_core.package_identification:_identify(.) by extensions ['ignore', 'ignore_ament_install']
[0.733s] Level 1:colcon.colcon_core.package_identification:_identify(.) by extension 'ignore'
[0.733s] Level 1:colcon.colcon_core.package_identification:_identify(.) by extension 'ignore_ament_install'
[0.733s] Level 1:colcon.colcon_core.package_identification:_identify(.) by extensions ['colcon_pkg']
[0.733s] Level 1:colcon.colcon_core.package_identification:_identify(.) by extension 'colcon_pkg'
[0.733s] Level 1:colcon.colcon_core.package_identification:_identify(.) by extensions ['colcon_meta']
[0.733s] Level 1:colcon.colcon_core.package_identification:_identify(.) by extension 'colcon_meta'
[0.733s] Level 1:colcon.colcon_core.package_identification:_identify(.) by extensions ['ros']
[0.733s] Level 1:colcon.colcon_core.package_identification:_identify(.) by extension 'ros'
[0.741s] Level 1:colcon.colcon_core.package_identification:_identify(.) by extensions ['cmake', 'python']
[0.741s] Level 1:colcon.colcon_core.package_identification:_identify(.) by extension 'cmake'
[0.741s] Level 1:colcon.colcon_core.package_identification:_identify(.) by extension 'python'
[0.741s] Level 1:colcon.colcon_core.package_identification:_identify(.) by extensions ['python_setup_py']
[0.741s] Level 1:colcon.colcon_core.package_identification:_identify(.) by extension 'python_setup_py'
[0.741s] Level 1:colcon.colcon_core.package_identification:_identify(build) by extensions ['ignore', 'ignore_ament_install']
[0.741s] Level 1:colcon.colcon_core.package_identification:_identify(build) by extension 'ignore'
[0.741s] Level 1:colcon.colcon_core.package_identification:_identify(build) ignored
[0.741s] Level 1:colcon.colcon_core.package_identification:_identify(install) by extensions ['ignore', 'ignore_ament_install']
[0.741s] Level 1:colcon.colcon_core.package_identification:_identify(install) by extension 'ignore'
[0.742s] Level 1:colcon.colcon_core.package_identification:_identify(install) ignored
[0.742s] Level 1:colcon.colcon_core.package_identification:_identify(log) by extensions ['ignore', 'ignore_ament_install']
[0.742s] Level 1:colcon.colcon_core.package_identification:_identify(log) by extension 'ignore'
[0.742s] Level 1:colcon.colcon_core.package_identification:_identify(log) ignored
[0.742s] Level 1:colcon.colcon_core.package_identification:_identify(src) by extensions ['ignore', 'ignore_ament_install']
[0.742s] Level 1:colcon.colcon_core.package_identification:_identify(src) by extension 'ignore'
[0.742s] Level 1:colcon.colcon_core.package_identification:_identify(src) by extension 'ignore_ament_install'
[0.742s] Level 1:colcon.colcon_core.package_identification:_identify(src) by extensions ['colcon_pkg']
[0.742s] Level 1:colcon.colcon_core.package_identification:_identify(src) by extension 'colcon_pkg'
[0.742s] Level 1:colcon.colcon_core.package_identification:_identify(src) by extensions ['colcon_meta']
[0.742s] Level 1:colcon.colcon_core.package_identification:_identify(src) by extension 'colcon_meta'
[0.742s] Level 1:colcon.colcon_core.package_identification:_identify(src) by extensions ['ros']
[0.742s] Level 1:colcon.colcon_core.package_identification:_identify(src) by extension 'ros'
[0.742s] Level 1:colcon.colcon_core.package_identification:_identify(src) by extensions ['cmake', 'python']
[0.742s] Level 1:colcon.colcon_core.package_identification:_identify(src) by extension 'cmake'
[0.742s] Level 1:colcon.colcon_core.package_identification:_identify(src) by extension 'python'
[0.742s] Level 1:colcon.colcon_core.package_identification:_identify(src) by extensions ['python_setup_py']
[0.742s] Level 1:colcon.colcon_core.package_identification:_identify(src) by extension 'python_setup_py'
[0.742s] Level 1:colcon.colcon_core.package_identification:_identify(src/coordinates_generator) by extensions ['ignore', 'ignore_ament_install']
[0.742s] Level 1:colcon.colcon_core.package_identification:_identify(src/coordinates_generator) by extension 'ignore'
[0.742s] Level 1:colcon.colcon_core.package_identification:_identify(src/coordinates_generator) by extension 'ignore_ament_install'
[0.742s] Level 1:colcon.colcon_core.package_identification:_identify(src/coordinates_generator) by extensions ['colcon_pkg']
[0.742s] Level 1:colcon.colcon_core.package_identification:_identify(src/coordinates_generator) by extension 'colcon_pkg'
[0.742s] Level 1:colcon.colcon_core.package_identification:_identify(src/coordinates_generator) by extensions ['colcon_meta']
[0.742s] Level 1:colcon.colcon_core.package_identification:_identify(src/coordinates_generator) by extension 'colcon_meta'
[0.742s] Level 1:colcon.colcon_core.package_identification:_identify(src/coordinates_generator) by extensions ['ros']
[0.742s] Level 1:colcon.colcon_core.package_identification:_identify(src/coordinates_generator) by extension 'ros'
[0.744s] DEBUG:colcon.colcon_core.package_identification:Package 'src/coordinates_generator' with type 'ros.ament_python' and name 'coordinates_generator'
[0.744s] Level 1:colcon.colcon_core.package_identification:_identify(src/ejecucion) by extensions ['ignore', 'ignore_ament_install']
[0.744s] Level 1:colcon.colcon_core.package_identification:_identify(src/ejecucion) by extension 'ignore'
[0.745s] Level 1:colcon.colcon_core.package_identification:_identify(src/ejecucion) by extension 'ignore_ament_install'
[0.745s] Level 1:colcon.colcon_core.package_identification:_identify(src/ejecucion) by extensions ['colcon_pkg']
[0.745s] Level 1:colcon.colcon_core.package_identification:_identify(src/ejecucion) by extension 'colcon_pkg'
[0.745s] Level 1:colcon.colcon_core.package_identification:_identify(src/ejecucion) by extensions ['colcon_meta']
[0.745s] Level 1:colcon.colcon_core.package_identification:_identify(src/ejecucion) by extension 'colcon_meta'
[0.745s] Level 1:colcon.colcon_core.package_identification:_identify(src/ejecucion) by extensions ['ros']
[0.745s] Level 1:colcon.colcon_core.package_identification:_identify(src/ejecucion) by extension 'ros'
[0.745s] DEBUG:colcon.colcon_core.package_identification:Package 'src/ejecucion' with type 'ros.ament_python' and name 'ejecucion'
[0.745s] Level 1:colcon.colcon_core.package_identification:_identify(src/tracker) by extensions ['ignore', 'ignore_ament_install']
[0.745s] Level 1:colcon.colcon_core.package_identification:_identify(src/tracker) by extension 'ignore'
[0.745s] Level 1:colcon.colcon_core.package_identification:_identify(src/tracker) by extension 'ignore_ament_install'
[0.745s] Level 1:colcon.colcon_core.package_identification:_identify(src/tracker) by extensions ['colcon_pkg']
[0.745s] Level 1:colcon.colcon_core.package_identification:_identify(src/tracker) by extension 'colcon_pkg'
[0.746s] Level 1:colcon.colcon_core.package_identification:_identify(src/tracker) by extensions ['colcon_meta']
[0.746s] Level 1:colcon.colcon_core.package_identification:_identify(src/tracker) by extension 'colcon_meta'
[0.746s] Level 1:colcon.colcon_core.package_identification:_identify(src/tracker) by extensions ['ros']
[0.746s] Level 1:colcon.colcon_core.package_identification:_identify(src/tracker) by extension 'ros'
[0.746s] DEBUG:colcon.colcon_core.package_identification:Package 'src/tracker' with type 'ros.ament_python' and name 'tracker'
[0.746s] Level 1:colcon.colcon_core.package_discovery:discover_packages(recursive) using defaults
[0.746s] Level 1:colcon.colcon_core.package_discovery:discover_packages(ignore) discover
[0.746s] Level 1:colcon.colcon_core.package_discovery:discover_packages(ignore) using defaults
[0.746s] Level 1:colcon.colcon_core.package_discovery:discover_packages(path) discover
[0.746s] Level 1:colcon.colcon_core.package_discovery:discover_packages(path) using defaults
[0.802s] Level 1:colcon.colcon_core.package_discovery:discover_packages(prefix_path) check parameters
[0.803s] Level 1:colcon.colcon_core.package_discovery:discover_packages(prefix_path) discover
[0.823s] DEBUG:colcon.colcon_installed_package_information.package_discovery:Found 3 installed packages in /home/agilex/agilex_mx/install
[0.842s] DEBUG:colcon.colcon_installed_package_information.package_discovery:Found 61 installed packages in /home/agilex/agilex_ws/install
[0.851s] DEBUG:colcon.colcon_installed_package_information.package_discovery:Found 365 installed packages in /opt/ros/humble
[0.853s] Level 1:colcon.colcon_core.package_discovery:discover_packages(prefix_path) using defaults
[0.919s] Level 5:colcon.colcon_core.verb:set package 'coordinates_generator' build argument 'cmake_args' from command line to 'None'
[0.919s] Level 5:colcon.colcon_core.verb:set package 'coordinates_generator' build argument 'cmake_target' from command line to 'None'
[0.919s] Level 5:colcon.colcon_core.verb:set package 'coordinates_generator' build argument 'cmake_target_skip_unavailable' from command line to 'False'
[0.919s] Level 5:colcon.colcon_core.verb:set package 'coordinates_generator' build argument 'cmake_clean_cache' from command line to 'False'
[0.919s] Level 5:colcon.colcon_core.verb:set package 'coordinates_generator' build argument 'cmake_clean_first' from command line to 'False'
[0.919s] Level 5:colcon.colcon_core.verb:set package 'coordinates_generator' build argument 'cmake_force_configure' from command line to 'False'
[0.919s] Level 5:colcon.colcon_core.verb:set package 'coordinates_generator' build argument 'ament_cmake_args' from command line to 'None'
[0.919s] Level 5:colcon.colcon_core.verb:set package 'coordinates_generator' build argument 'catkin_cmake_args' from command line to 'None'
[0.919s] Level 5:colcon.colcon_core.verb:set package 'coordinates_generator' build argument 'catkin_skip_building_tests' from command line to 'False'
[0.919s] DEBUG:colcon.colcon_core.verb:Building package 'coordinates_generator' with the following arguments: {'ament_cmake_args': None, 'build_base': '/home/agilex/agilex_mx/build/coordinates_generator', 'catkin_cmake_args': None, 'catkin_skip_building_tests': False, 'cmake_args': None, 'cmake_clean_cache': False, 'cmake_clean_first': False, 'cmake_force_configure': False, 'cmake_target': None, 'cmake_target_skip_unavailable': False, 'install_base': '/home/agilex/agilex_mx/install/coordinates_generator', 'merge_install': False, 'path': '/home/agilex/agilex_mx/src/coordinates_generator', 'symlink_install': False, 'test_result_base': None}
[0.928s] Level 5:colcon.colcon_core.verb:set package 'ejecucion' build argument 'cmake_args' from command line to 'None'
[0.928s] Level 5:colcon.colcon_core.verb:set package 'ejecucion' build argument 'cmake_target' from command line to 'None'
[0.928s] Level 5:colcon.colcon_core.verb:set package 'ejecucion' build argument 'cmake_target_skip_unavailable' from command line to 'False'
[0.928s] Level 5:colcon.colcon_core.verb:set package 'ejecucion' build argument 'cmake_clean_cache' from command line to 'False'
[0.928s] Level 5:colcon.colcon_core.verb:set package 'ejecucion' build argument 'cmake_clean_first' from command line to 'False'
[0.928s] Level 5:colcon.colcon_core.verb:set package 'ejecucion' build argument 'cmake_force_configure' from command line to 'False'
[0.928s] Level 5:colcon.colcon_core.verb:set package 'ejecucion' build argument 'ament_cmake_args' from command line to 'None'
[0.928s] Level 5:colcon.colcon_core.verb:set package 'ejecucion' build argument 'catkin_cmake_args' from command line to 'None'
[0.928s] Level 5:colcon.colcon_core.verb:set package 'ejecucion' build argument 'catkin_skip_building_tests' from command line to 'False'
[0.928s] DEBUG:colcon.colcon_core.verb:Building package 'ejecucion' with the following arguments: {'ament_cmake_args': None, 'build_base': '/home/agilex/agilex_mx/build/ejecucion', 'catkin_cmake_args': None, 'catkin_skip_building_tests': False, 'cmake_args': None, 'cmake_clean_cache': False, 'cmake_clean_first': False, 'cmake_force_configure': False, 'cmake_target': None, 'cmake_target_skip_unavailable': False, 'install_base': '/home/agilex/agilex_mx/install/ejecucion', 'merge_install': False, 'path': '/home/agilex/agilex_mx/src/ejecucion', 'symlink_install': False, 'test_result_base': None}
[0.936s] Level 5:colcon.colcon_core.verb:set package 'tracker' build argument 'cmake_args' from command line to 'None'
[0.936s] Level 5:colcon.colcon_core.verb:set package 'tracker' build argument 'cmake_target' from command line to 'None'
[0.936s] Level 5:colcon.colcon_core.verb:set package 'tracker' build argument 'cmake_target_skip_unavailable' from command line to 'False'
[0.936s] Level 5:colcon.colcon_core.verb:set package 'tracker' build argument 'cmake_clean_cache' from command line to 'False'
[0.936s] Level 5:colcon.colcon_core.verb:set package 'tracker' build argument 'cmake_clean_first' from command line to 'False'
[0.936s] Level 5:colcon.colcon_core.verb:set package 'tracker' build argument 'cmake_force_configure' from command line to 'False'
[0.936s] Level 5:colcon.colcon_core.verb:set package 'tracker' build argument 'ament_cmake_args' from command line to 'None'
[0.936s] Level 5:colcon.colcon_core.verb:set package 'tracker' build argument 'catkin_cmake_args' from command line to 'None'
[0.936s] Level 5:colcon.colcon_core.verb:set package 'tracker' build argument 'catkin_skip_building_tests' from command line to 'False'
[0.936s] DEBUG:colcon.colcon_core.verb:Building package 'tracker' with the following arguments: {'ament_cmake_args': None, 'build_base': '/home/agilex/agilex_mx/build/tracker', 'catkin_cmake_args': None, 'catkin_skip_building_tests': False, 'cmake_args': None, 'cmake_clean_cache': False, 'cmake_clean_first': False, 'cmake_force_configure': False, 'cmake_target': None, 'cmake_target_skip_unavailable': False, 'install_base': '/home/agilex/agilex_mx/install/tracker', 'merge_install': False, 'path': '/home/agilex/agilex_mx/src/tracker', 'symlink_install': False, 'test_result_base': None}
[0.943s] INFO:colcon.colcon_core.executor:Executing jobs using 'parallel' executor
[0.954s] DEBUG:colcon.colcon_parallel_executor.executor.parallel:run_until_complete
[0.955s] INFO:colcon.colcon_ros.task.ament_python.build:Building ROS package in '/home/agilex/agilex_mx/src/coordinates_generator' with build type 'ament_python'
[0.955s] Level 1:colcon.colcon_core.shell:create_environment_hook('coordinates_generator', 'ament_prefix_path')
[0.966s] INFO:colcon.colcon_core.plugin_system:Skipping extension 'colcon_core.shell.bat': Not used on non-Windows systems
[0.966s] INFO:colcon.colcon_core.shell:Creating environment hook '/home/agilex/agilex_mx/install/coordinates_generator/share/coordinates_generator/hook/ament_prefix_path.ps1'
[0.967s] INFO:colcon.colcon_core.shell:Creating environment descriptor '/home/agilex/agilex_mx/install/coordinates_generator/share/coordinates_generator/hook/ament_prefix_path.dsv'
[0.967s] INFO:colcon.colcon_core.shell:Creating environment hook '/home/agilex/agilex_mx/install/coordinates_generator/share/coordinates_generator/hook/ament_prefix_path.sh'
[0.976s] INFO:colcon.colcon_core.shell:Skip shell extension 'powershell' for command environment: Not usable outside of PowerShell
[0.976s] DEBUG:colcon.colcon_core.shell:Skip shell extension 'dsv' for command environment
[1.016s] INFO:colcon.colcon_ros.task.ament_python.build:Building ROS package in '/home/agilex/agilex_mx/src/ejecucion' with build type 'ament_python'
[1.016s] Level 1:colcon.colcon_core.shell:create_environment_hook('ejecucion', 'ament_prefix_path')
[1.024s] INFO:colcon.colcon_core.shell:Creating environment hook '/home/agilex/agilex_mx/install/ejecucion/share/ejecucion/hook/ament_prefix_path.ps1'
[1.024s] INFO:colcon.colcon_core.shell:Creating environment descriptor '/home/agilex/agilex_mx/install/ejecucion/share/ejecucion/hook/ament_prefix_path.dsv'
[1.024s] INFO:colcon.colcon_core.shell:Creating environment hook '/home/agilex/agilex_mx/install/ejecucion/share/ejecucion/hook/ament_prefix_path.sh'
[1.034s] INFO:colcon.colcon_core.shell:Skip shell extension 'powershell' for command environment: Not usable outside of PowerShell
[1.034s] DEBUG:colcon.colcon_core.shell:Skip shell extension 'dsv' for command environment
[1.076s] INFO:colcon.colcon_ros.task.ament_python.build:Building ROS package in '/home/agilex/agilex_mx/src/tracker' with build type 'ament_python'
[1.077s] Level 1:colcon.colcon_core.shell:create_environment_hook('tracker', 'ament_prefix_path')
[1.089s] INFO:colcon.colcon_core.shell:Creating environment hook '/home/agilex/agilex_mx/install/tracker/share/tracker/hook/ament_prefix_path.ps1'
[1.090s] INFO:colcon.colcon_core.shell:Creating environment descriptor '/home/agilex/agilex_mx/install/tracker/share/tracker/hook/ament_prefix_path.dsv'
[1.090s] INFO:colcon.colcon_core.shell:Creating environment hook '/home/agilex/agilex_mx/install/tracker/share/tracker/hook/ament_prefix_path.sh'
[1.099s] INFO:colcon.colcon_core.shell:Skip shell extension 'powershell' for command environment: Not usable outside of PowerShell
[1.099s] DEBUG:colcon.colcon_core.shell:Skip shell extension 'dsv' for command environment
[1.398s] INFO:colcon.colcon_core.task.python.build:Building Python package in '/home/agilex/agilex_mx/src/coordinates_generator'
[1.418s] INFO:colcon.colcon_core.shell:Skip shell extension 'powershell' for command environment: Not usable outside of PowerShell
[1.418s] DEBUG:colcon.colcon_core.shell:Skip shell extension 'dsv' for command environment
[1.723s] INFO:colcon.colcon_core.task.python.build:Building Python package in '/home/agilex/agilex_mx/src/ejecucion'
[1.731s] INFO:colcon.colcon_core.shell:Skip shell extension 'powershell' for command environment: Not usable outside of PowerShell
[1.732s] DEBUG:colcon.colcon_core.shell:Skip shell extension 'dsv' for command environment
[2.102s] INFO:colcon.colcon_core.task.python.build:Building Python package in '/home/agilex/agilex_mx/src/tracker'
[2.121s] INFO:colcon.colcon_core.shell:Skip shell extension 'powershell' for command environment: Not usable outside of PowerShell
[2.121s] DEBUG:colcon.colcon_core.shell:Skip shell extension 'dsv' for command environment
[2.443s] DEBUG:colcon.colcon_core.event_handler.log_command:Invoking command in '/home/agilex/agilex_mx/src/coordinates_generator': PYTHONPATH=/home/agilex/agilex_mx/build/coordinates_generator/prefix_override:/home/agilex/agilex_mx/install/coordinates_generator/lib/python3.10/site-packages:${PYTHONPATH} /usr/bin/python3 setup.py egg_info --egg-base ../../build/coordinates_generator build --build-base /home/agilex/agilex_mx/build/coordinates_generator/build install --record /home/agilex/agilex_mx/build/coordinates_generator/install.log --single-version-externally-managed
[2.475s] DEBUG:colcon.colcon_core.event_handler.log_command:Invoking command in '/home/agilex/agilex_mx/src/ejecucion': PYTHONPATH=/home/agilex/agilex_mx/build/ejecucion/prefix_override:/home/agilex/agilex_mx/install/ejecucion/lib/python3.10/site-packages:${PYTHONPATH} /usr/bin/python3 setup.py egg_info --egg-base ../../build/ejecucion build --build-base /home/agilex/agilex_mx/build/ejecucion/build install --record /home/agilex/agilex_mx/build/ejecucion/install.log --single-version-externally-managed
[2.481s] DEBUG:colcon.colcon_core.event_handler.log_command:Invoking command in '/home/agilex/agilex_mx/src/tracker': PYTHONPATH=/home/agilex/agilex_mx/build/tracker/prefix_override:/home/agilex/agilex_mx/install/tracker/lib/python3.10/site-packages:${PYTHONPATH} /usr/bin/python3 setup.py egg_info --egg-base ../../build/tracker build --build-base /home/agilex/agilex_mx/build/tracker/build install --record /home/agilex/agilex_mx/build/tracker/install.log --single-version-externally-managed
[2.734s] DEBUG:colcon.colcon_core.event_handler.log_command:Invoked command in '/home/agilex/agilex_mx/src/ejecucion' returned '0': PYTHONPATH=/home/agilex/agilex_mx/build/ejecucion/prefix_override:/home/agilex/agilex_mx/install/ejecucion/lib/python3.10/site-packages:${PYTHONPATH} /usr/bin/python3 setup.py egg_info --egg-base ../../build/ejecucion build --build-base /home/agilex/agilex_mx/build/ejecucion/build install --record /home/agilex/agilex_mx/build/ejecucion/install.log --single-version-externally-managed
[2.752s] Level 1:colcon.colcon_core.environment:checking '/home/agilex/agilex_mx/install/ejecucion' for CMake module files
[2.752s] Level 1:colcon.colcon_core.environment:checking '/home/agilex/agilex_mx/install/ejecucion' for CMake config files
[2.753s] Level 1:colcon.colcon_core.environment:checking '/home/agilex/agilex_mx/install/ejecucion/lib'
[2.753s] Level 1:colcon.colcon_core.environment:checking '/home/agilex/agilex_mx/install/ejecucion/bin'
[2.753s] Level 1:colcon.colcon_core.environment:checking '/home/agilex/agilex_mx/install/ejecucion/lib/pkgconfig/ejecucion.pc'
[2.753s] Level 1:colcon.colcon_core.environment:checking '/home/agilex/agilex_mx/install/ejecucion/lib/python3.10/site-packages'
[2.753s] Level 1:colcon.colcon_core.shell:create_environment_hook('ejecucion', 'pythonpath')
[2.762s] INFO:colcon.colcon_core.shell:Creating environment hook '/home/agilex/agilex_mx/install/ejecucion/share/ejecucion/hook/pythonpath.ps1'
[2.762s] INFO:colcon.colcon_core.shell:Creating environment descriptor '/home/agilex/agilex_mx/install/ejecucion/share/ejecucion/hook/pythonpath.dsv'
[2.763s] INFO:colcon.colcon_core.shell:Creating environment hook '/home/agilex/agilex_mx/install/ejecucion/share/ejecucion/hook/pythonpath.sh'
[2.763s] Level 1:colcon.colcon_core.environment:checking '/home/agilex/agilex_mx/install/ejecucion/bin'
[2.763s] Level 1:colcon.colcon_core.environment:create_environment_scripts_only(ejecucion)
[2.774s] INFO:colcon.colcon_core.shell:Creating package script '/home/agilex/agilex_mx/install/ejecucion/share/ejecucion/package.ps1'
[2.775s] INFO:colcon.colcon_core.shell:Creating package descriptor '/home/agilex/agilex_mx/install/ejecucion/share/ejecucion/package.dsv'
[2.775s] INFO:colcon.colcon_core.shell:Creating package script '/home/agilex/agilex_mx/install/ejecucion/share/ejecucion/package.sh'
[2.776s] INFO:colcon.colcon_core.shell:Creating package script '/home/agilex/agilex_mx/install/ejecucion/share/ejecucion/package.bash'
[2.776s] INFO:colcon.colcon_core.shell:Creating package script '/home/agilex/agilex_mx/install/ejecucion/share/ejecucion/package.zsh'
[2.776s] Level 1:colcon.colcon_core.environment:create_file_with_runtime_dependencies(/home/agilex/agilex_mx/install/ejecucion/share/colcon-core/packages/ejecucion)
[2.778s] DEBUG:colcon.colcon_core.event_handler.log_command:Invoked command in '/home/agilex/agilex_mx/src/tracker' returned '0': PYTHONPATH=/home/agilex/agilex_mx/build/tracker/prefix_override:/home/agilex/agilex_mx/install/tracker/lib/python3.10/site-packages:${PYTHONPATH} /usr/bin/python3 setup.py egg_info --egg-base ../../build/tracker build --build-base /home/agilex/agilex_mx/build/tracker/build install --record /home/agilex/agilex_mx/build/tracker/install.log --single-version-externally-managed
[2.789s] Level 1:colcon.colcon_core.environment:checking '/home/agilex/agilex_mx/install/tracker' for CMake module files
[2.789s] Level 1:colcon.colcon_core.environment:checking '/home/agilex/agilex_mx/install/tracker' for CMake config files
[2.790s] Level 1:colcon.colcon_core.environment:checking '/home/agilex/agilex_mx/install/tracker/lib'
[2.790s] Level 1:colcon.colcon_core.environment:checking '/home/agilex/agilex_mx/install/tracker/bin'
[2.790s] Level 1:colcon.colcon_core.environment:checking '/home/agilex/agilex_mx/install/tracker/lib/pkgconfig/tracker.pc'
[2.790s] Level 1:colcon.colcon_core.environment:checking '/home/agilex/agilex_mx/install/tracker/lib/python3.10/site-packages'
[2.790s] Level 1:colcon.colcon_core.shell:create_environment_hook('tracker', 'pythonpath')
[2.800s] INFO:colcon.colcon_core.shell:Creating environment hook '/home/agilex/agilex_mx/install/tracker/share/tracker/hook/pythonpath.ps1'
[2.800s] INFO:colcon.colcon_core.shell:Creating environment descriptor '/home/agilex/agilex_mx/install/tracker/share/tracker/hook/pythonpath.dsv'
[2.801s] INFO:colcon.colcon_core.shell:Creating environment hook '/home/agilex/agilex_mx/install/tracker/share/tracker/hook/pythonpath.sh'
[2.801s] Level 1:colcon.colcon_core.environment:checking '/home/agilex/agilex_mx/install/tracker/bin'
[2.801s] Level 1:colcon.colcon_core.environment:create_environment_scripts_only(tracker)
[2.823s] INFO:colcon.colcon_core.shell:Creating package script '/home/agilex/agilex_mx/install/tracker/share/tracker/package.ps1'
[2.823s] INFO:colcon.colcon_core.shell:Creating package descriptor '/home/agilex/agilex_mx/install/tracker/share/tracker/package.dsv'
[2.824s] INFO:colcon.colcon_core.shell:Creating package script '/home/agilex/agilex_mx/install/tracker/share/tracker/package.sh'
[2.824s] INFO:colcon.colcon_core.shell:Creating package script '/home/agilex/agilex_mx/install/tracker/share/tracker/package.bash'
[2.825s] INFO:colcon.colcon_core.shell:Creating package script '/home/agilex/agilex_mx/install/tracker/share/tracker/package.zsh'
[2.825s] Level 1:colcon.colcon_core.environment:create_file_with_runtime_dependencies(/home/agilex/agilex_mx/install/tracker/share/colcon-core/packages/tracker)
[2.835s] DEBUG:colcon.colcon_core.event_handler.log_command:Invoked command in '/home/agilex/agilex_mx/src/coordinates_generator' returned '0': PYTHONPATH=/home/agilex/agilex_mx/build/coordinates_generator/prefix_override:/home/agilex/agilex_mx/install/coordinates_generator/lib/python3.10/site-packages:${PYTHONPATH} /usr/bin/python3 setup.py egg_info --egg-base ../../build/coordinates_generator build --build-base /home/agilex/agilex_mx/build/coordinates_generator/build install --record /home/agilex/agilex_mx/build/coordinates_generator/install.log --single-version-externally-managed
[2.855s] Level 1:colcon.colcon_core.environment:checking '/home/agilex/agilex_mx/install/coordinates_generator' for CMake module files
[2.855s] Level 1:colcon.colcon_core.environment:checking '/home/agilex/agilex_mx/install/coordinates_generator' for CMake config files
[2.856s] Level 1:colcon.colcon_core.environment:checking '/home/agilex/agilex_mx/install/coordinates_generator/lib'
[2.856s] Level 1:colcon.colcon_core.environment:checking '/home/agilex/agilex_mx/install/coordinates_generator/bin'
[2.856s] Level 1:colcon.colcon_core.environment:checking '/home/agilex/agilex_mx/install/coordinates_generator/lib/pkgconfig/coordinates_generator.pc'
[2.856s] Level 1:colcon.colcon_core.environment:checking '/home/agilex/agilex_mx/install/coordinates_generator/lib/python3.10/site-packages'
[2.856s] Level 1:colcon.colcon_core.shell:create_environment_hook('coordinates_generator', 'pythonpath')
[2.864s] INFO:colcon.colcon_core.shell:Creating environment hook '/home/agilex/agilex_mx/install/coordinates_generator/share/coordinates_generator/hook/pythonpath.ps1'
[2.864s] INFO:colcon.colcon_core.shell:Creating environment descriptor '/home/agilex/agilex_mx/install/coordinates_generator/share/coordinates_generator/hook/pythonpath.dsv'
[2.864s] INFO:colcon.colcon_core.shell:Creating environment hook '/home/agilex/agilex_mx/install/coordinates_generator/share/coordinates_generator/hook/pythonpath.sh'
[2.864s] Level 1:colcon.colcon_core.environment:checking '/home/agilex/agilex_mx/install/coordinates_generator/bin'
[2.865s] Level 1:colcon.colcon_core.environment:create_environment_scripts_only(coordinates_generator)
[2.872s] INFO:colcon.colcon_core.shell:Creating package script '/home/agilex/agilex_mx/install/coordinates_generator/share/coordinates_generator/package.ps1'
[2.872s] INFO:colcon.colcon_core.shell:Creating package descriptor '/home/agilex/agilex_mx/install/coordinates_generator/share/coordinates_generator/package.dsv'
[2.872s] INFO:colcon.colcon_core.shell:Creating package script '/home/agilex/agilex_mx/install/coordinates_generator/share/coordinates_generator/package.sh'
[2.873s] INFO:colcon.colcon_core.shell:Creating package script '/home/agilex/agilex_mx/install/coordinates_generator/share/coordinates_generator/package.bash'
[2.873s] INFO:colcon.colcon_core.shell:Creating package script '/home/agilex/agilex_mx/install/coordinates_generator/share/coordinates_generator/package.zsh'
[2.873s] Level 1:colcon.colcon_core.environment:create_file_with_runtime_dependencies(/home/agilex/agilex_mx/install/coordinates_generator/share/colcon-core/packages/coordinates_generator)
[2.873s] DEBUG:colcon.colcon_parallel_executor.executor.parallel:closing loop
[2.874s] DEBUG:colcon.colcon_parallel_executor.executor.parallel:loop closed
[2.874s] DEBUG:colcon.colcon_parallel_executor.executor.parallel:run_until_complete finished with '0'
[2.874s] DEBUG:colcon.colcon_core.event_reactor:joining thread
[2.891s] INFO:colcon.colcon_core.plugin_system:Skipping extension 'colcon_notification.desktop_notification.terminal_notifier': Not used on non-Darwin systems
[2.891s] INFO:colcon.colcon_core.plugin_system:Skipping extension 'colcon_notification.desktop_notification.win32': Not used on non-Windows systems
[2.891s] INFO:colcon.colcon_notification.desktop_notification:Sending desktop notification using 'notify2'
[2.903s] DEBUG:colcon.colcon_core.event_reactor:joined thread
[2.913s] INFO:colcon.colcon_core.shell:Creating prefix script '/home/agilex/agilex_mx/install/local_setup.ps1'
[2.913s] INFO:colcon.colcon_core.shell:Creating prefix util module '/home/agilex/agilex_mx/install/_local_setup_util_ps1.py'
[2.914s] INFO:colcon.colcon_core.shell:Creating prefix chain script '/home/agilex/agilex_mx/install/setup.ps1'
[2.926s] INFO:colcon.colcon_core.shell:Creating prefix script '/home/agilex/agilex_mx/install/local_setup.sh'
[2.926s] INFO:colcon.colcon_core.shell:Creating prefix util module '/home/agilex/agilex_mx/install/_local_setup_util_sh.py'
[2.926s] INFO:colcon.colcon_core.shell:Creating prefix chain script '/home/agilex/agilex_mx/install/setup.sh'
[2.937s] INFO:colcon.colcon_core.shell:Creating prefix script '/home/agilex/agilex_mx/install/local_setup.bash'
[2.937s] INFO:colcon.colcon_core.shell:Creating prefix chain script '/home/agilex/agilex_mx/install/setup.bash'
[2.946s] INFO:colcon.colcon_core.shell:Creating prefix script '/home/agilex/agilex_mx/install/local_setup.zsh'
[2.947s] INFO:colcon.colcon_core.shell:Creating prefix chain script '/home/agilex/agilex_mx/install/setup.zsh'
