[0.916s] Invoking command in '/home/agilex/agilex_mx/src/tracker': PYTHONPATH=/home/agilex/agilex_mx/build/tracker/prefix_override:/home/agilex/agilex_mx/install/tracker/lib/python3.10/site-packages:${PYTHONPATH} /usr/bin/python3 setup.py egg_info --egg-base ../../build/tracker build --build-base /home/agilex/agilex_mx/build/tracker/build install --record /home/agilex/agilex_mx/build/tracker/install.log --single-version-externally-managed
[1.137s] running egg_info
[1.137s] writing ../../build/tracker/tracker.egg-info/PKG-INFO
[1.137s] writing dependency_links to ../../build/tracker/tracker.egg-info/dependency_links.txt
[1.137s] writing entry points to ../../build/tracker/tracker.egg-info/entry_points.txt
[1.138s] writing requirements to ../../build/tracker/tracker.egg-info/requires.txt
[1.138s] writing top-level names to ../../build/tracker/tracker.egg-info/top_level.txt
[1.139s] reading manifest file '../../build/tracker/tracker.egg-info/SOURCES.txt'
[1.139s] writing manifest file '../../build/tracker/tracker.egg-info/SOURCES.txt'
[1.139s] running build
[1.139s] running build_py
[1.139s] running install
[1.139s] running install_lib
[1.140s] running install_data
[1.141s] running install_egg_info
[1.143s] removing '/home/agilex/agilex_mx/install/tracker/lib/python3.10/site-packages/tracker-0.0.1-py3.10.egg-info' (and everything under it)
[1.143s] Copying ../../build/tracker/tracker.egg-info to /home/agilex/agilex_mx/install/tracker/lib/python3.10/site-packages/tracker-0.0.1-py3.10.egg-info
[1.144s] running install_scripts
[1.162s] Installing follower script to /home/agilex/agilex_mx/install/tracker/lib/tracker
[1.163s] Installing person_detector script to /home/agilex/agilex_mx/install/tracker/lib/tracker
[1.164s] writing list of installed files to '/home/agilex/agilex_mx/build/tracker/install.log'
[1.229s] Invoked command in '/home/agilex/agilex_mx/src/tracker' returned '0': PYTHONPATH=/home/agilex/agilex_mx/build/tracker/prefix_override:/home/agilex/agilex_mx/install/tracker/lib/python3.10/site-packages:${PYTHONPATH} /usr/bin/python3 setup.py egg_info --egg-base ../../build/tracker build --build-base /home/agilex/agilex_mx/build/tracker/build install --record /home/agilex/agilex_mx/build/tracker/install.log --single-version-externally-managed
