[0.230s] Invoking command in '/home/agilex/agilex_mx/build/vision_tracker': CMAKE_PREFIX_PATH=${CMAKE_PREFIX_PATH}:/home/agilex/agilex_mx/install/ejecucion:/home/agilex/agilex_ws/install/yolov5_ros2:/home/agilex/agilex_ws/install/nav2_simple_commander:/opt/ros/humble /usr/bin/cmake --build /home/agilex/agilex_mx/build/vision_tracker -- -j16 -l16
[0.265s] Invoked command in '/home/agilex/agilex_mx/build/vision_tracker' returned '0': CMAKE_PREFIX_PATH=${CMAKE_PREFIX_PATH}:/home/agilex/agilex_mx/install/ejecucion:/home/agilex/agilex_ws/install/yolov5_ros2:/home/agilex/agilex_ws/install/nav2_simple_commander:/opt/ros/humble /usr/bin/cmake --build /home/agilex/agilex_mx/build/vision_tracker -- -j16 -l16
[0.300s] Invoking command in '/home/agilex/agilex_mx/build/vision_tracker': CMAKE_PREFIX_PATH=${CMAKE_PREFIX_PATH}:/home/agilex/agilex_mx/install/ejecucion:/home/agilex/agilex_ws/install/yolov5_ros2:/home/agilex/agilex_ws/install/nav2_simple_commander:/opt/ros/humble /usr/bin/cmake --install /home/agilex/agilex_mx/build/vision_tracker
[0.309s] -- Install configuration: ""
[0.309s] -- Up-to-date: /home/agilex/agilex_mx/install/vision_tracker/share/ament_index/resource_index/package_run_dependencies/vision_tracker
[0.309s] -- Up-to-date: /home/agilex/agilex_mx/install/vision_tracker/share/ament_index/resource_index/parent_prefix_path/vision_tracker
[0.309s] -- Up-to-date: /home/agilex/agilex_mx/install/vision_tracker/share/vision_tracker/environment/ament_prefix_path.sh
[0.309s] -- Up-to-date: /home/agilex/agilex_mx/install/vision_tracker/share/vision_tracker/environment/ament_prefix_path.dsv
[0.309s] -- Up-to-date: /home/agilex/agilex_mx/install/vision_tracker/share/vision_tracker/environment/path.sh
[0.309s] -- Up-to-date: /home/agilex/agilex_mx/install/vision_tracker/share/vision_tracker/environment/path.dsv
[0.309s] -- Up-to-date: /home/agilex/agilex_mx/install/vision_tracker/share/vision_tracker/local_setup.bash
[0.309s] -- Up-to-date: /home/agilex/agilex_mx/install/vision_tracker/share/vision_tracker/local_setup.sh
[0.309s] -- Up-to-date: /home/agilex/agilex_mx/install/vision_tracker/share/vision_tracker/local_setup.zsh
[0.309s] -- Up-to-date: /home/agilex/agilex_mx/install/vision_tracker/share/vision_tracker/local_setup.dsv
[0.310s] -- Installing: /home/agilex/agilex_mx/install/vision_tracker/share/vision_tracker/package.dsv
[0.310s] -- Up-to-date: /home/agilex/agilex_mx/install/vision_tracker/share/ament_index/resource_index/packages/vision_tracker
[0.310s] -- Up-to-date: /home/agilex/agilex_mx/install/vision_tracker/share/vision_tracker/cmake/vision_trackerConfig.cmake
[0.310s] -- Up-to-date: /home/agilex/agilex_mx/install/vision_tracker/share/vision_tracker/cmake/vision_trackerConfig-version.cmake
[0.310s] -- Up-to-date: /home/agilex/agilex_mx/install/vision_tracker/share/vision_tracker/package.xml
[0.311s] Invoked command in '/home/agilex/agilex_mx/build/vision_tracker' returned '0': CMAKE_PREFIX_PATH=${CMAKE_PREFIX_PATH}:/home/agilex/agilex_mx/install/ejecucion:/home/agilex/agilex_ws/install/yolov5_ros2:/home/agilex/agilex_ws/install/nav2_simple_commander:/opt/ros/humble /usr/bin/cmake --install /home/agilex/agilex_mx/build/vision_tracker
