/home/agilex/agilex_mx/install/coordinates_generator/lib/python3.10/site-packages/coordinates_generator/person_tracker.py
/home/agilex/agilex_mx/install/coordinates_generator/lib/python3.10/site-packages/coordinates_generator/__init__.py
/home/agilex/agilex_mx/install/coordinates_generator/lib/python3.10/site-packages/coordinates_generator/person_detector.py
/home/agilex/agilex_mx/install/coordinates_generator/lib/python3.10/site-packages/coordinates_generator/__pycache__/person_tracker.cpython-310.pyc
/home/agilex/agilex_mx/install/coordinates_generator/lib/python3.10/site-packages/coordinates_generator/__pycache__/__init__.cpython-310.pyc
/home/agilex/agilex_mx/install/coordinates_generator/lib/python3.10/site-packages/coordinates_generator/__pycache__/person_detector.cpython-310.pyc
/home/agilex/agilex_mx/install/coordinates_generator/share/ament_index/resource_index/packages/coordinates_generator
/home/agilex/agilex_mx/install/coordinates_generator/share/coordinates_generator/package.xml
/home/agilex/agilex_mx/install/coordinates_generator/share/coordinates_generator/models/best.pt
/home/agilex/agilex_mx/install/coordinates_generator/share/coordinates_generator/models/yolov8n.pt
/home/agilex/agilex_mx/install/coordinates_generator/share/coordinates_generator/launch
/home/agilex/agilex_mx/install/coordinates_generator/lib/python3.10/site-packages/coordinates_generator-0.1.0-py3.10.egg-info/top_level.txt
/home/agilex/agilex_mx/install/coordinates_generator/lib/python3.10/site-packages/coordinates_generator-0.1.0-py3.10.egg-info/SOURCES.txt
/home/agilex/agilex_mx/install/coordinates_generator/lib/python3.10/site-packages/coordinates_generator-0.1.0-py3.10.egg-info/requires.txt
/home/agilex/agilex_mx/install/coordinates_generator/lib/python3.10/site-packages/coordinates_generator-0.1.0-py3.10.egg-info/zip-safe
/home/agilex/agilex_mx/install/coordinates_generator/lib/python3.10/site-packages/coordinates_generator-0.1.0-py3.10.egg-info/entry_points.txt
/home/agilex/agilex_mx/install/coordinates_generator/lib/python3.10/site-packages/coordinates_generator-0.1.0-py3.10.egg-info/PKG-INFO
/home/agilex/agilex_mx/install/coordinates_generator/lib/python3.10/site-packages/coordinates_generator-0.1.0-py3.10.egg-info/dependency_links.txt
/home/agilex/agilex_mx/install/coordinates_generator/lib/coordinates_generator/person_detector
/home/agilex/agilex_mx/install/coordinates_generator/lib/coordinates_generator/person_tracker
