[0.236s] Invoking command in '/home/agilex/agilex_mx/build/vision_tracker': CMAKE_PREFIX_PATH=${CMAKE_PREFIX_PATH}:/home/agilex/agilex_ws/install/yolov5_ros2:/home/agilex/agilex_ws/install/nav2_simple_commander:/opt/ros/humble /usr/bin/cmake /home/agilex/agilex_mx/src/vision_tracker -DCMAKE_INSTALL_PREFIX=/home/agilex/agilex_mx/install/vision_tracker
[0.344s] -- The C compiler identification is GNU 11.4.0
[0.421s] -- The CXX compiler identification is GNU 11.4.0
[0.429s] -- Detecting C compiler ABI info
[0.504s] -- Detecting C compiler ABI info - done
[0.510s] -- Check for working C compiler: /usr/bin/cc - skipped
[0.510s] -- Detecting C compile features
[0.511s] -- Detecting C compile features - done
[0.513s] -- Detecting CXX compiler ABI info
[0.607s] -- Detecting CXX compiler ABI info - done
[0.613s] -- Check for working CXX compiler: /usr/bin/c++ - skipped
[0.613s] -- Detecting CXX compile features
[0.613s] -- Detecting CXX compile features - done
[0.623s] -- Found ament_cmake: 1.3.6 (/opt/ros/humble/share/ament_cmake/cmake)
[0.791s] -- Found Python3: /usr/bin/python3.10 (found version "3.10.12") found components: Interpreter 
[0.915s] -- Found ament_lint_auto: 0.12.9 (/opt/ros/humble/share/ament_lint_auto/cmake)
[0.998s] -- Added test 'lint_cmake' to check CMake code style
[1.000s] -- Added test 'xmllint' to check XML markup files
[1.001s] -- Configuring done
[1.003s] -- Generating done
[1.003s] -- Build files have been written to: /home/agilex/agilex_mx/build/vision_tracker
[1.007s] Invoked command in '/home/agilex/agilex_mx/build/vision_tracker' returned '0': CMAKE_PREFIX_PATH=${CMAKE_PREFIX_PATH}:/home/agilex/agilex_ws/install/yolov5_ros2:/home/agilex/agilex_ws/install/nav2_simple_commander:/opt/ros/humble /usr/bin/cmake /home/agilex/agilex_mx/src/vision_tracker -DCMAKE_INSTALL_PREFIX=/home/agilex/agilex_mx/install/vision_tracker
[1.008s] Invoking command in '/home/agilex/agilex_mx/build/vision_tracker': CMAKE_PREFIX_PATH=${CMAKE_PREFIX_PATH}:/home/agilex/agilex_ws/install/yolov5_ros2:/home/agilex/agilex_ws/install/nav2_simple_commander:/opt/ros/humble /usr/bin/cmake --build /home/agilex/agilex_mx/build/vision_tracker -- -j16 -l16
[1.047s] Invoked command in '/home/agilex/agilex_mx/build/vision_tracker' returned '0': CMAKE_PREFIX_PATH=${CMAKE_PREFIX_PATH}:/home/agilex/agilex_ws/install/yolov5_ros2:/home/agilex/agilex_ws/install/nav2_simple_commander:/opt/ros/humble /usr/bin/cmake --build /home/agilex/agilex_mx/build/vision_tracker -- -j16 -l16
[1.092s] Invoking command in '/home/agilex/agilex_mx/build/vision_tracker': CMAKE_PREFIX_PATH=${CMAKE_PREFIX_PATH}:/home/agilex/agilex_ws/install/yolov5_ros2:/home/agilex/agilex_ws/install/nav2_simple_commander:/opt/ros/humble /usr/bin/cmake --install /home/agilex/agilex_mx/build/vision_tracker
[1.100s] -- Install configuration: ""
[1.100s] -- Installing: /home/agilex/agilex_mx/install/vision_tracker/share/ament_index/resource_index/package_run_dependencies/vision_tracker
[1.100s] -- Installing: /home/agilex/agilex_mx/install/vision_tracker/share/ament_index/resource_index/parent_prefix_path/vision_tracker
[1.100s] -- Installing: /home/agilex/agilex_mx/install/vision_tracker/share/vision_tracker/environment/ament_prefix_path.sh
[1.100s] -- Installing: /home/agilex/agilex_mx/install/vision_tracker/share/vision_tracker/environment/ament_prefix_path.dsv
[1.100s] -- Installing: /home/agilex/agilex_mx/install/vision_tracker/share/vision_tracker/environment/path.sh
[1.100s] -- Installing: /home/agilex/agilex_mx/install/vision_tracker/share/vision_tracker/environment/path.dsv
[1.100s] -- Installing: /home/agilex/agilex_mx/install/vision_tracker/share/vision_tracker/local_setup.bash
[1.100s] -- Installing: /home/agilex/agilex_mx/install/vision_tracker/share/vision_tracker/local_setup.sh
[1.100s] -- Installing: /home/agilex/agilex_mx/install/vision_tracker/share/vision_tracker/local_setup.zsh
[1.101s] -- Installing: /home/agilex/agilex_mx/install/vision_tracker/share/vision_tracker/local_setup.dsv
[1.101s] -- Installing: /home/agilex/agilex_mx/install/vision_tracker/share/vision_tracker/package.dsv
[1.101s] -- Installing: /home/agilex/agilex_mx/install/vision_tracker/share/ament_index/resource_index/packages/vision_tracker
[1.101s] -- Installing: /home/agilex/agilex_mx/install/vision_tracker/share/vision_tracker/cmake/vision_trackerConfig.cmake
[1.101s] -- Installing: /home/agilex/agilex_mx/install/vision_tracker/share/vision_tracker/cmake/vision_trackerConfig-version.cmake
[1.101s] -- Installing: /home/agilex/agilex_mx/install/vision_tracker/share/vision_tracker/package.xml
[1.102s] Invoked command in '/home/agilex/agilex_mx/build/vision_tracker' returned '0': CMAKE_PREFIX_PATH=${CMAKE_PREFIX_PATH}:/home/agilex/agilex_ws/install/yolov5_ros2:/home/agilex/agilex_ws/install/nav2_simple_commander:/opt/ros/humble /usr/bin/cmake --install /home/agilex/agilex_mx/build/vision_tracker
