[1.376s] Invoking command in '/home/agilex/agilex_mx/src/ejecucion': PYTHONPATH=/home/agilex/agilex_mx/build/ejecucion/prefix_override:/home/agilex/agilex_mx/install/ejecucion/lib/python3.10/site-packages:${PYTHONPATH} /usr/bin/python3 setup.py egg_info --egg-base ../../build/ejecucion build --build-base /home/agilex/agilex_mx/build/ejecucion/build install --record /home/agilex/agilex_mx/build/ejecucion/install.log --single-version-externally-managed
[1.603s] running egg_info
[1.603s] writing ../../build/ejecucion/ejecucion.egg-info/PKG-INFO
[1.603s] writing dependency_links to ../../build/ejecucion/ejecucion.egg-info/dependency_links.txt
[1.604s] writing entry points to ../../build/ejecucion/ejecucion.egg-info/entry_points.txt
[1.604s] writing requirements to ../../build/ejecucion/ejecucion.egg-info/requires.txt
[1.604s] writing top-level names to ../../build/ejecucion/ejecucion.egg-info/top_level.txt
[1.605s] reading manifest file '../../build/ejecucion/ejecucion.egg-info/SOURCES.txt'
[1.605s] writing manifest file '../../build/ejecucion/ejecucion.egg-info/SOURCES.txt'
[1.606s] running build
[1.606s] running build_py
[1.606s] running install
[1.606s] running install_lib
[1.608s] running install_data
[1.609s] running install_egg_info
[1.610s] removing '/home/agilex/agilex_mx/install/ejecucion/lib/python3.10/site-packages/ejecucion-0.0.0-py3.10.egg-info' (and everything under it)
[1.611s] Copying ../../build/ejecucion/ejecucion.egg-info to /home/agilex/agilex_mx/install/ejecucion/lib/python3.10/site-packages/ejecucion-0.0.0-py3.10.egg-info
[1.612s] running install_scripts
[1.635s] Installing odom_pid_controller script to /home/agilex/agilex_mx/install/ejecucion/lib/ejecucion
[1.635s] Installing pid_controller script to /home/agilex/agilex_mx/install/ejecucion/lib/ejecucion
[1.635s] Installing target_publisher script to /home/agilex/agilex_mx/install/ejecucion/lib/ejecucion
[1.635s] Installing trajectory_controller script to /home/agilex/agilex_mx/install/ejecucion/lib/ejecucion
[1.636s] writing list of installed files to '/home/agilex/agilex_mx/build/ejecucion/install.log'
[1.669s] Invoked command in '/home/agilex/agilex_mx/src/ejecucion' returned '0': PYTHONPATH=/home/agilex/agilex_mx/build/ejecucion/prefix_override:/home/agilex/agilex_mx/install/ejecucion/lib/python3.10/site-packages:${PYTHONPATH} /usr/bin/python3 setup.py egg_info --egg-base ../../build/ejecucion build --build-base /home/agilex/agilex_mx/build/ejecucion/build install --record /home/agilex/agilex_mx/build/ejecucion/install.log --single-version-externally-managed
