running egg_info
writing ../../build/tracker/tracker.egg-info/PKG-INFO
writing dependency_links to ../../build/tracker/tracker.egg-info/dependency_links.txt
writing entry points to ../../build/tracker/tracker.egg-info/entry_points.txt
writing requirements to ../../build/tracker/tracker.egg-info/requires.txt
writing top-level names to ../../build/tracker/tracker.egg-info/top_level.txt
reading manifest file '../../build/tracker/tracker.egg-info/SOURCES.txt'
writing manifest file '../../build/tracker/tracker.egg-info/SOURCES.txt'
running build
running build_py
running install
running install_lib
running install_data
running install_egg_info
removing '/home/agilex/agilex_mx/install/tracker/lib/python3.10/site-packages/tracker-0.0.1-py3.10.egg-info' (and everything under it)
Copying ../../build/tracker/tracker.egg-info to /home/agilex/agilex_mx/install/tracker/lib/python3.10/site-packages/tracker-0.0.1-py3.10.egg-info
running install_scripts
Installing follower script to /home/agilex/agilex_mx/install/tracker/lib/tracker
Installing person_detector script to /home/agilex/agilex_mx/install/tracker/lib/tracker
writing list of installed files to '/home/agilex/agilex_mx/build/tracker/install.log'
