[0.563s] Invoking command in '/home/agilex/agilex_mx/src/ejecucion': PYTHONPATH=/home/agilex/agilex_mx/build/ejecucion/prefix_override:/home/agilex/agilex_mx/install/ejecucion/lib/python3.10/site-packages:${PYTHONPATH} /usr/bin/python3 setup.py egg_info --egg-base ../../build/ejecucion build --build-base /home/agilex/agilex_mx/build/ejecucion/build install --record /home/agilex/agilex_mx/build/ejecucion/install.log --single-version-externally-managed
[0.743s] running egg_info
[0.743s] writing ../../build/ejecucion/ejecucion.egg-info/PKG-INFO
[0.743s] writing dependency_links to ../../build/ejecucion/ejecucion.egg-info/dependency_links.txt
[0.744s] writing entry points to ../../build/ejecucion/ejecucion.egg-info/entry_points.txt
[0.744s] writing requirements to ../../build/ejecucion/ejecucion.egg-info/requires.txt
[0.744s] writing top-level names to ../../build/ejecucion/ejecucion.egg-info/top_level.txt
[0.745s] reading manifest file '../../build/ejecucion/ejecucion.egg-info/SOURCES.txt'
[0.745s] writing manifest file '../../build/ejecucion/ejecucion.egg-info/SOURCES.txt'
[0.745s] running build
[0.746s] running build_py
[0.746s] running install
[0.746s] running install_lib
[0.747s] running install_data
[0.747s] running install_egg_info
[0.748s] removing '/home/agilex/agilex_mx/install/ejecucion/lib/python3.10/site-packages/ejecucion-0.0.0-py3.10.egg-info' (and everything under it)
[0.749s] Copying ../../build/ejecucion/ejecucion.egg-info to /home/agilex/agilex_mx/install/ejecucion/lib/python3.10/site-packages/ejecucion-0.0.0-py3.10.egg-info
[0.749s] running install_scripts
[0.762s] Installing pid_controller script to /home/agilex/agilex_mx/install/ejecucion/lib/ejecucion
[0.762s] Installing target_publisher script to /home/agilex/agilex_mx/install/ejecucion/lib/ejecucion
[0.762s] writing list of installed files to '/home/agilex/agilex_mx/build/ejecucion/install.log'
[0.783s] Invoked command in '/home/agilex/agilex_mx/src/ejecucion' returned '0': PYTHONPATH=/home/agilex/agilex_mx/build/ejecucion/prefix_override:/home/agilex/agilex_mx/install/ejecucion/lib/python3.10/site-packages:${PYTHONPATH} /usr/bin/python3 setup.py egg_info --egg-base ../../build/ejecucion build --build-base /home/agilex/agilex_mx/build/ejecucion/build install --record /home/agilex/agilex_mx/build/ejecucion/install.log --single-version-externally-managed
