[2.062s] Invoking command in '/home/agilex/agilex_mx/src/ejecucion': PYTHONPATH=/home/agilex/agilex_mx/build/ejecucion/prefix_override:/home/agilex/agilex_mx/install/ejecucion/lib/python3.10/site-packages:${PYTHONPATH} /usr/bin/python3 setup.py egg_info --egg-base ../../build/ejecucion build --build-base /home/agilex/agilex_mx/build/ejecucion/build install --record /home/agilex/agilex_mx/build/ejecucion/install.log --single-version-externally-managed
[2.413s] running egg_info
[2.413s] writing ../../build/ejecucion/ejecucion.egg-info/PKG-INFO
[2.413s] writing dependency_links to ../../build/ejecucion/ejecucion.egg-info/dependency_links.txt
[2.413s] writing entry points to ../../build/ejecucion/ejecucion.egg-info/entry_points.txt
[2.413s] writing requirements to ../../build/ejecucion/ejecucion.egg-info/requires.txt
[2.414s] writing top-level names to ../../build/ejecucion/ejecucion.egg-info/top_level.txt
[2.416s] reading manifest file '../../build/ejecucion/ejecucion.egg-info/SOURCES.txt'
[2.417s] writing manifest file '../../build/ejecucion/ejecucion.egg-info/SOURCES.txt'
[2.417s] running build
[2.417s] running build_py
[2.418s] copying ejecucion/trajectory_controller.py -> /home/agilex/agilex_mx/build/ejecucion/build/lib/ejecucion
[2.418s] running install
[2.418s] running install_lib
[2.420s] copying /home/agilex/agilex_mx/build/ejecucion/build/lib/ejecucion/trajectory_controller.py -> /home/agilex/agilex_mx/install/ejecucion/lib/python3.10/site-packages/ejecucion
[2.421s] byte-compiling /home/agilex/agilex_mx/install/ejecucion/lib/python3.10/site-packages/ejecucion/trajectory_controller.py to trajectory_controller.cpython-310.pyc
[2.423s] running install_data
[2.424s] running install_egg_info
[2.426s] removing '/home/agilex/agilex_mx/install/ejecucion/lib/python3.10/site-packages/ejecucion-0.0.0-py3.10.egg-info' (and everything under it)
[2.427s] Copying ../../build/ejecucion/ejecucion.egg-info to /home/agilex/agilex_mx/install/ejecucion/lib/python3.10/site-packages/ejecucion-0.0.0-py3.10.egg-info
[2.428s] running install_scripts
[2.455s] Installing odom_pid_controller script to /home/agilex/agilex_mx/install/ejecucion/lib/ejecucion
[2.455s] Installing pid_controller script to /home/agilex/agilex_mx/install/ejecucion/lib/ejecucion
[2.455s] Installing target_publisher script to /home/agilex/agilex_mx/install/ejecucion/lib/ejecucion
[2.455s] Installing trajectory_controller script to /home/agilex/agilex_mx/install/ejecucion/lib/ejecucion
[2.456s] writing list of installed files to '/home/agilex/agilex_mx/build/ejecucion/install.log'
[2.496s] Invoked command in '/home/agilex/agilex_mx/src/ejecucion' returned '0': PYTHONPATH=/home/agilex/agilex_mx/build/ejecucion/prefix_override:/home/agilex/agilex_mx/install/ejecucion/lib/python3.10/site-packages:${PYTHONPATH} /usr/bin/python3 setup.py egg_info --egg-base ../../build/ejecucion build --build-base /home/agilex/agilex_mx/build/ejecucion/build install --record /home/agilex/agilex_mx/build/ejecucion/install.log --single-version-externally-managed
