running egg_info
creating ../../build/ejecucion/ejecucion.egg-info
writing ../../build/ejecucion/ejecucion.egg-info/PKG-INFO
writing dependency_links to ../../build/ejecucion/ejecucion.egg-info/dependency_links.txt
writing entry points to ../../build/ejecucion/ejecucion.egg-info/entry_points.txt
writing requirements to ../../build/ejecucion/ejecucion.egg-info/requires.txt
writing top-level names to ../../build/ejecucion/ejecucion.egg-info/top_level.txt
writing manifest file '../../build/ejecucion/ejecucion.egg-info/SOURCES.txt'
reading manifest file '../../build/ejecucion/ejecucion.egg-info/SOURCES.txt'
writing manifest file '../../build/ejecucion/ejecucion.egg-info/SOURCES.txt'
running build
running build_py
creating /home/agilex/ros2_ws/build/ejecucion/build
creating /home/agilex/ros2_ws/build/ejecucion/build/lib
creating /home/agilex/ros2_ws/build/ejecucion/build/lib/ejecucion
copying ejecucion/__init__.py -> /home/agilex/ros2_ws/build/ejecucion/build/lib/ejecucion
running install
running install_lib
creating /home/agilex/ros2_ws/install/ejecucion/lib/python3.10/site-packages/ejecucion
copying /home/agilex/ros2_ws/build/ejecucion/build/lib/ejecucion/__init__.py -> /home/agilex/ros2_ws/install/ejecucion/lib/python3.10/site-packages/ejecucion
byte-compiling /home/agilex/ros2_ws/install/ejecucion/lib/python3.10/site-packages/ejecucion/__init__.py to __init__.cpython-310.pyc
running install_data
creating /home/agilex/ros2_ws/install/ejecucion/share/ament_index
creating /home/agilex/ros2_ws/install/ejecucion/share/ament_index/resource_index
creating /home/agilex/ros2_ws/install/ejecucion/share/ament_index/resource_index/packages
copying resource/ejecucion -> /home/agilex/ros2_ws/install/ejecucion/share/ament_index/resource_index/packages
copying package.xml -> /home/agilex/ros2_ws/install/ejecucion/share/ejecucion
running install_egg_info
Copying ../../build/ejecucion/ejecucion.egg-info to /home/agilex/ros2_ws/install/ejecucion/lib/python3.10/site-packages/ejecucion-0.0.0-py3.10.egg-info
running install_scripts
writing list of installed files to '/home/agilex/ros2_ws/build/ejecucion/install.log'
