[0.437s] Invoking command in '/home/agilex/ros2_ws/src/ejecucion': PYTHONPATH=/home/agilex/ros2_ws/build/ejecucion/prefix_override:/home/agilex/ros2_ws/install/ejecucion/lib/python3.10/site-packages:${PYTHONPATH} /usr/bin/python3 setup.py egg_info --egg-base ../../build/ejecucion build --build-base /home/agilex/ros2_ws/build/ejecucion/build install --record /home/agilex/ros2_ws/build/ejecucion/install.log --single-version-externally-managed
[0.581s] running egg_info
[0.581s] creating ../../build/ejecucion/ejecucion.egg-info
[0.581s] writing ../../build/ejecucion/ejecucion.egg-info/PKG-INFO
[0.581s] writing dependency_links to ../../build/ejecucion/ejecucion.egg-info/dependency_links.txt
[0.581s] writing entry points to ../../build/ejecucion/ejecucion.egg-info/entry_points.txt
[0.582s] writing requirements to ../../build/ejecucion/ejecucion.egg-info/requires.txt
[0.582s] writing top-level names to ../../build/ejecucion/ejecucion.egg-info/top_level.txt
[0.582s] writing manifest file '../../build/ejecucion/ejecucion.egg-info/SOURCES.txt'
[0.582s] reading manifest file '../../build/ejecucion/ejecucion.egg-info/SOURCES.txt'
[0.583s] writing manifest file '../../build/ejecucion/ejecucion.egg-info/SOURCES.txt'
[0.583s] running build
[0.583s] running build_py
[0.583s] creating /home/agilex/ros2_ws/build/ejecucion/build
[0.583s] creating /home/agilex/ros2_ws/build/ejecucion/build/lib
[0.583s] creating /home/agilex/ros2_ws/build/ejecucion/build/lib/ejecucion
[0.583s] copying ejecucion/__init__.py -> /home/agilex/ros2_ws/build/ejecucion/build/lib/ejecucion
[0.583s] running install
[0.583s] running install_lib
[0.584s] creating /home/agilex/ros2_ws/install/ejecucion/lib/python3.10/site-packages/ejecucion
[0.584s] copying /home/agilex/ros2_ws/build/ejecucion/build/lib/ejecucion/__init__.py -> /home/agilex/ros2_ws/install/ejecucion/lib/python3.10/site-packages/ejecucion
[0.584s] byte-compiling /home/agilex/ros2_ws/install/ejecucion/lib/python3.10/site-packages/ejecucion/__init__.py to __init__.cpython-310.pyc
[0.584s] running install_data
[0.584s] creating /home/agilex/ros2_ws/install/ejecucion/share/ament_index
[0.584s] creating /home/agilex/ros2_ws/install/ejecucion/share/ament_index/resource_index
[0.584s] creating /home/agilex/ros2_ws/install/ejecucion/share/ament_index/resource_index/packages
[0.584s] copying resource/ejecucion -> /home/agilex/ros2_ws/install/ejecucion/share/ament_index/resource_index/packages
[0.584s] copying package.xml -> /home/agilex/ros2_ws/install/ejecucion/share/ejecucion
[0.584s] running install_egg_info
[0.586s] Copying ../../build/ejecucion/ejecucion.egg-info to /home/agilex/ros2_ws/install/ejecucion/lib/python3.10/site-packages/ejecucion-0.0.0-py3.10.egg-info
[0.586s] running install_scripts
[0.597s] writing list of installed files to '/home/agilex/ros2_ws/build/ejecucion/install.log'
[0.610s] Invoked command in '/home/agilex/ros2_ws/src/ejecucion' returned '0': PYTHONPATH=/home/agilex/ros2_ws/build/ejecucion/prefix_override:/home/agilex/ros2_ws/install/ejecucion/lib/python3.10/site-packages:${PYTHONPATH} /usr/bin/python3 setup.py egg_info --egg-base ../../build/ejecucion build --build-base /home/agilex/ros2_ws/build/ejecucion/build install --record /home/agilex/ros2_ws/build/ejecucion/install.log --single-version-externally-managed
