running egg_info
creating ../../build/tracker/tracker.egg-info
writing ../../build/tracker/tracker.egg-info/PKG-INFO
writing dependency_links to ../../build/tracker/tracker.egg-info/dependency_links.txt
writing entry points to ../../build/tracker/tracker.egg-info/entry_points.txt
writing requirements to ../../build/tracker/tracker.egg-info/requires.txt
writing top-level names to ../../build/tracker/tracker.egg-info/top_level.txt
writing manifest file '../../build/tracker/tracker.egg-info/SOURCES.txt'
reading manifest file '../../build/tracker/tracker.egg-info/SOURCES.txt'
writing manifest file '../../build/tracker/tracker.egg-info/SOURCES.txt'
running build
running build_py
creating /home/agilex/agilex_mx/build/tracker/build
creating /home/agilex/agilex_mx/build/tracker/build/lib
creating /home/agilex/agilex_mx/build/tracker/build/lib/tracker
copying tracker/__init__.py -> /home/agilex/agilex_mx/build/tracker/build/lib/tracker
copying tracker/follower.py -> /home/agilex/agilex_mx/build/tracker/build/lib/tracker
running install
running install_lib
creating /home/agilex/agilex_mx/install/tracker/lib/python3.10/site-packages/tracker
copying /home/agilex/agilex_mx/build/tracker/build/lib/tracker/__init__.py -> /home/agilex/agilex_mx/install/tracker/lib/python3.10/site-packages/tracker
copying /home/agilex/agilex_mx/build/tracker/build/lib/tracker/follower.py -> /home/agilex/agilex_mx/install/tracker/lib/python3.10/site-packages/tracker
byte-compiling /home/agilex/agilex_mx/install/tracker/lib/python3.10/site-packages/tracker/__init__.py to __init__.cpython-310.pyc
byte-compiling /home/agilex/agilex_mx/install/tracker/lib/python3.10/site-packages/tracker/follower.py to follower.cpython-310.pyc
running install_data
creating /home/agilex/agilex_mx/install/tracker/share/ament_index
creating /home/agilex/agilex_mx/install/tracker/share/ament_index/resource_index
creating /home/agilex/agilex_mx/install/tracker/share/ament_index/resource_index/packages
copying resource/tracker -> /home/agilex/agilex_mx/install/tracker/share/ament_index/resource_index/packages
copying package.xml -> /home/agilex/agilex_mx/install/tracker/share/tracker
creating /home/agilex/agilex_mx/install/tracker/share/tracker/models
copying models/best.pt -> /home/agilex/agilex_mx/install/tracker/share/tracker/models
running install_egg_info
Copying ../../build/tracker/tracker.egg-info to /home/agilex/agilex_mx/install/tracker/lib/python3.10/site-packages/tracker-0.0.1-py3.10.egg-info
running install_scripts
Installing follower script to /home/agilex/agilex_mx/install/tracker/lib/tracker
Installing person_detector script to /home/agilex/agilex_mx/install/tracker/lib/tracker
writing list of installed files to '/home/agilex/agilex_mx/build/tracker/install.log'
