[0.999s] Invoking command in '/home/agilex/agilex_mx/src/tracker': PYTHONPATH=/home/agilex/agilex_mx/build/tracker/prefix_override:/home/agilex/agilex_mx/install/tracker/lib/python3.10/site-packages:${PYTHONPATH} /usr/bin/python3 setup.py egg_info --egg-base ../../build/tracker build --build-base /home/agilex/agilex_mx/build/tracker/build install --record /home/agilex/agilex_mx/build/tracker/install.log --single-version-externally-managed
[1.178s] running egg_info
[1.179s] creating ../../build/tracker/tracker.egg-info
[1.179s] writing ../../build/tracker/tracker.egg-info/PKG-INFO
[1.180s] writing dependency_links to ../../build/tracker/tracker.egg-info/dependency_links.txt
[1.180s] writing entry points to ../../build/tracker/tracker.egg-info/entry_points.txt
[1.180s] writing requirements to ../../build/tracker/tracker.egg-info/requires.txt
[1.180s] writing top-level names to ../../build/tracker/tracker.egg-info/top_level.txt
[1.180s] writing manifest file '../../build/tracker/tracker.egg-info/SOURCES.txt'
[1.180s] reading manifest file '../../build/tracker/tracker.egg-info/SOURCES.txt'
[1.181s] writing manifest file '../../build/tracker/tracker.egg-info/SOURCES.txt'
[1.181s] running build
[1.181s] running build_py
[1.181s] creating /home/agilex/agilex_mx/build/tracker/build
[1.181s] creating /home/agilex/agilex_mx/build/tracker/build/lib
[1.181s] creating /home/agilex/agilex_mx/build/tracker/build/lib/tracker
[1.181s] copying tracker/__init__.py -> /home/agilex/agilex_mx/build/tracker/build/lib/tracker
[1.181s] copying tracker/follower.py -> /home/agilex/agilex_mx/build/tracker/build/lib/tracker
[1.181s] running install
[1.181s] running install_lib
[1.182s] creating /home/agilex/agilex_mx/install/tracker/lib/python3.10/site-packages/tracker
[1.182s] copying /home/agilex/agilex_mx/build/tracker/build/lib/tracker/__init__.py -> /home/agilex/agilex_mx/install/tracker/lib/python3.10/site-packages/tracker
[1.182s] copying /home/agilex/agilex_mx/build/tracker/build/lib/tracker/follower.py -> /home/agilex/agilex_mx/install/tracker/lib/python3.10/site-packages/tracker
[1.182s] byte-compiling /home/agilex/agilex_mx/install/tracker/lib/python3.10/site-packages/tracker/__init__.py to __init__.cpython-310.pyc
[1.182s] byte-compiling /home/agilex/agilex_mx/install/tracker/lib/python3.10/site-packages/tracker/follower.py to follower.cpython-310.pyc
[1.184s] running install_data
[1.184s] creating /home/agilex/agilex_mx/install/tracker/share/ament_index
[1.184s] creating /home/agilex/agilex_mx/install/tracker/share/ament_index/resource_index
[1.184s] creating /home/agilex/agilex_mx/install/tracker/share/ament_index/resource_index/packages
[1.184s] copying resource/tracker -> /home/agilex/agilex_mx/install/tracker/share/ament_index/resource_index/packages
[1.184s] copying package.xml -> /home/agilex/agilex_mx/install/tracker/share/tracker
[1.184s] creating /home/agilex/agilex_mx/install/tracker/share/tracker/models
[1.184s] copying models/best.pt -> /home/agilex/agilex_mx/install/tracker/share/tracker/models
[1.214s] running install_egg_info
[1.215s] Copying ../../build/tracker/tracker.egg-info to /home/agilex/agilex_mx/install/tracker/lib/python3.10/site-packages/tracker-0.0.1-py3.10.egg-info
[1.215s] running install_scripts
[1.230s] Installing follower script to /home/agilex/agilex_mx/install/tracker/lib/tracker
[1.230s] Installing person_detector script to /home/agilex/agilex_mx/install/tracker/lib/tracker
[1.230s] writing list of installed files to '/home/agilex/agilex_mx/build/tracker/install.log'
[1.315s] Invoked command in '/home/agilex/agilex_mx/src/tracker' returned '0': PYTHONPATH=/home/agilex/agilex_mx/build/tracker/prefix_override:/home/agilex/agilex_mx/install/tracker/lib/python3.10/site-packages:${PYTHONPATH} /usr/bin/python3 setup.py egg_info --egg-base ../../build/tracker build --build-base /home/agilex/agilex_mx/build/tracker/build install --record /home/agilex/agilex_mx/build/tracker/install.log --single-version-externally-managed
