running egg_info
creating ../../build/ejecucion/ejecucion.egg-info
writing ../../build/ejecucion/ejecucion.egg-info/PKG-INFO
writing dependency_links to ../../build/ejecucion/ejecucion.egg-info/dependency_links.txt
writing entry points to ../../build/ejecucion/ejecucion.egg-info/entry_points.txt
writing requirements to ../../build/ejecucion/ejecucion.egg-info/requires.txt
writing top-level names to ../../build/ejecucion/ejecucion.egg-info/top_level.txt
writing manifest file '../../build/ejecucion/ejecucion.egg-info/SOURCES.txt'
reading manifest file '../../build/ejecucion/ejecucion.egg-info/SOURCES.txt'
writing manifest file '../../build/ejecucion/ejecucion.egg-info/SOURCES.txt'
running build
running build_py
creating /home/agilex/agilex_mx/build/ejecucion/build
creating /home/agilex/agilex_mx/build/ejecucion/build/lib
creating /home/agilex/agilex_mx/build/ejecucion/build/lib/ejecucion
copying ejecucion/__init__.py -> /home/agilex/agilex_mx/build/ejecucion/build/lib/ejecucion
copying ejecucion/pid_controller_node.py -> /home/agilex/agilex_mx/build/ejecucion/build/lib/ejecucion
copying ejecucion/target_publisher.py -> /home/agilex/agilex_mx/build/ejecucion/build/lib/ejecucion
copying ejecucion/trajectory_controller.py -> /home/agilex/agilex_mx/build/ejecucion/build/lib/ejecucion
copying ejecucion/odom_pid_controller.py -> /home/agilex/agilex_mx/build/ejecucion/build/lib/ejecucion
copying ejecucion/pid_controller.py -> /home/agilex/agilex_mx/build/ejecucion/build/lib/ejecucion
running install
running install_lib
creating /home/agilex/agilex_mx/install/ejecucion/lib/python3.10/site-packages/ejecucion
copying /home/agilex/agilex_mx/build/ejecucion/build/lib/ejecucion/__init__.py -> /home/agilex/agilex_mx/install/ejecucion/lib/python3.10/site-packages/ejecucion
copying /home/agilex/agilex_mx/build/ejecucion/build/lib/ejecucion/pid_controller_node.py -> /home/agilex/agilex_mx/install/ejecucion/lib/python3.10/site-packages/ejecucion
copying /home/agilex/agilex_mx/build/ejecucion/build/lib/ejecucion/target_publisher.py -> /home/agilex/agilex_mx/install/ejecucion/lib/python3.10/site-packages/ejecucion
copying /home/agilex/agilex_mx/build/ejecucion/build/lib/ejecucion/trajectory_controller.py -> /home/agilex/agilex_mx/install/ejecucion/lib/python3.10/site-packages/ejecucion
copying /home/agilex/agilex_mx/build/ejecucion/build/lib/ejecucion/odom_pid_controller.py -> /home/agilex/agilex_mx/install/ejecucion/lib/python3.10/site-packages/ejecucion
copying /home/agilex/agilex_mx/build/ejecucion/build/lib/ejecucion/pid_controller.py -> /home/agilex/agilex_mx/install/ejecucion/lib/python3.10/site-packages/ejecucion
byte-compiling /home/agilex/agilex_mx/install/ejecucion/lib/python3.10/site-packages/ejecucion/__init__.py to __init__.cpython-310.pyc
byte-compiling /home/agilex/agilex_mx/install/ejecucion/lib/python3.10/site-packages/ejecucion/pid_controller_node.py to pid_controller_node.cpython-310.pyc
byte-compiling /home/agilex/agilex_mx/install/ejecucion/lib/python3.10/site-packages/ejecucion/target_publisher.py to target_publisher.cpython-310.pyc
byte-compiling /home/agilex/agilex_mx/install/ejecucion/lib/python3.10/site-packages/ejecucion/trajectory_controller.py to trajectory_controller.cpython-310.pyc
byte-compiling /home/agilex/agilex_mx/install/ejecucion/lib/python3.10/site-packages/ejecucion/odom_pid_controller.py to odom_pid_controller.cpython-310.pyc
byte-compiling /home/agilex/agilex_mx/install/ejecucion/lib/python3.10/site-packages/ejecucion/pid_controller.py to pid_controller.cpython-310.pyc
running install_data
creating /home/agilex/agilex_mx/install/ejecucion/share/ament_index
creating /home/agilex/agilex_mx/install/ejecucion/share/ament_index/resource_index
creating /home/agilex/agilex_mx/install/ejecucion/share/ament_index/resource_index/packages
copying resource/ejecucion -> /home/agilex/agilex_mx/install/ejecucion/share/ament_index/resource_index/packages
copying package.xml -> /home/agilex/agilex_mx/install/ejecucion/share/ejecucion
creating /home/agilex/agilex_mx/install/ejecucion/share/ejecucion/launch
copying launch/control_system.launch.py -> /home/agilex/agilex_mx/install/ejecucion/share/ejecucion/launch
running install_egg_info
Copying ../../build/ejecucion/ejecucion.egg-info to /home/agilex/agilex_mx/install/ejecucion/lib/python3.10/site-packages/ejecucion-0.0.0-py3.10.egg-info
running install_scripts
Installing odom_pid_controller script to /home/agilex/agilex_mx/install/ejecucion/lib/ejecucion
Installing pid_controller script to /home/agilex/agilex_mx/install/ejecucion/lib/ejecucion
Installing target_publisher script to /home/agilex/agilex_mx/install/ejecucion/lib/ejecucion
Installing trajectory_controller script to /home/agilex/agilex_mx/install/ejecucion/lib/ejecucion
writing list of installed files to '/home/agilex/agilex_mx/build/ejecucion/install.log'
