running egg_info
creating ../../build/coordinates_generator/coordinates_generator.egg-info
writing ../../build/coordinates_generator/coordinates_generator.egg-info/PKG-INFO
writing dependency_links to ../../build/coordinates_generator/coordinates_generator.egg-info/dependency_links.txt
writing entry points to ../../build/coordinates_generator/coordinates_generator.egg-info/entry_points.txt
writing requirements to ../../build/coordinates_generator/coordinates_generator.egg-info/requires.txt
writing top-level names to ../../build/coordinates_generator/coordinates_generator.egg-info/top_level.txt
writing manifest file '../../build/coordinates_generator/coordinates_generator.egg-info/SOURCES.txt'
reading manifest file '../../build/coordinates_generator/coordinates_generator.egg-info/SOURCES.txt'
writing manifest file '../../build/coordinates_generator/coordinates_generator.egg-info/SOURCES.txt'
running build
running build_py
creating /home/agilex/agilex_mx/build/coordinates_generator/build
creating /home/agilex/agilex_mx/build/coordinates_generator/build/lib
creating /home/agilex/agilex_mx/build/coordinates_generator/build/lib/coordinates_generator
copying coordinates_generator/person_tracker.py -> /home/agilex/agilex_mx/build/coordinates_generator/build/lib/coordinates_generator
copying coordinates_generator/__init__.py -> /home/agilex/agilex_mx/build/coordinates_generator/build/lib/coordinates_generator
copying coordinates_generator/person_detector.py -> /home/agilex/agilex_mx/build/coordinates_generator/build/lib/coordinates_generator
running install
running install_lib
creating /home/agilex/agilex_mx/install/coordinates_generator/lib/python3.10/site-packages/coordinates_generator
copying /home/agilex/agilex_mx/build/coordinates_generator/build/lib/coordinates_generator/person_tracker.py -> /home/agilex/agilex_mx/install/coordinates_generator/lib/python3.10/site-packages/coordinates_generator
copying /home/agilex/agilex_mx/build/coordinates_generator/build/lib/coordinates_generator/__init__.py -> /home/agilex/agilex_mx/install/coordinates_generator/lib/python3.10/site-packages/coordinates_generator
copying /home/agilex/agilex_mx/build/coordinates_generator/build/lib/coordinates_generator/person_detector.py -> /home/agilex/agilex_mx/install/coordinates_generator/lib/python3.10/site-packages/coordinates_generator
byte-compiling /home/agilex/agilex_mx/install/coordinates_generator/lib/python3.10/site-packages/coordinates_generator/person_tracker.py to person_tracker.cpython-310.pyc
byte-compiling /home/agilex/agilex_mx/install/coordinates_generator/lib/python3.10/site-packages/coordinates_generator/__init__.py to __init__.cpython-310.pyc
byte-compiling /home/agilex/agilex_mx/install/coordinates_generator/lib/python3.10/site-packages/coordinates_generator/person_detector.py to person_detector.cpython-310.pyc
running install_data
creating /home/agilex/agilex_mx/install/coordinates_generator/share/ament_index
creating /home/agilex/agilex_mx/install/coordinates_generator/share/ament_index/resource_index
creating /home/agilex/agilex_mx/install/coordinates_generator/share/ament_index/resource_index/packages
copying resource/coordinates_generator -> /home/agilex/agilex_mx/install/coordinates_generator/share/ament_index/resource_index/packages
copying package.xml -> /home/agilex/agilex_mx/install/coordinates_generator/share/coordinates_generator
creating /home/agilex/agilex_mx/install/coordinates_generator/share/coordinates_generator/models
copying models/best.pt -> /home/agilex/agilex_mx/install/coordinates_generator/share/coordinates_generator/models
creating /home/agilex/agilex_mx/install/coordinates_generator/share/coordinates_generator/launch
running install_egg_info
Copying ../../build/coordinates_generator/coordinates_generator.egg-info to /home/agilex/agilex_mx/install/coordinates_generator/lib/python3.10/site-packages/coordinates_generator-0.1.0-py3.10.egg-info
running install_scripts
Installing person_detector script to /home/agilex/agilex_mx/install/coordinates_generator/lib/coordinates_generator
Installing person_tracker script to /home/agilex/agilex_mx/install/coordinates_generator/lib/coordinates_generator
writing list of installed files to '/home/agilex/agilex_mx/build/coordinates_generator/install.log'
