[1.089s] Invoking command in '/home/agilex/agilex_mx/src/coordinates_generator': PYTHONPATH=/home/agilex/agilex_mx/build/coordinates_generator/prefix_override:/home/agilex/agilex_mx/install/coordinates_generator/lib/python3.10/site-packages:${PYTHONPATH} /usr/bin/python3 setup.py egg_info --egg-base ../../build/coordinates_generator build --build-base /home/agilex/agilex_mx/build/coordinates_generator/build install --record /home/agilex/agilex_mx/build/coordinates_generator/install.log --single-version-externally-managed
[1.266s] running egg_info
[1.266s] creating ../../build/coordinates_generator/coordinates_generator.egg-info
[1.266s] writing ../../build/coordinates_generator/coordinates_generator.egg-info/PKG-INFO
[1.266s] writing dependency_links to ../../build/coordinates_generator/coordinates_generator.egg-info/dependency_links.txt
[1.266s] writing entry points to ../../build/coordinates_generator/coordinates_generator.egg-info/entry_points.txt
[1.266s] writing requirements to ../../build/coordinates_generator/coordinates_generator.egg-info/requires.txt
[1.267s] writing top-level names to ../../build/coordinates_generator/coordinates_generator.egg-info/top_level.txt
[1.267s] writing manifest file '../../build/coordinates_generator/coordinates_generator.egg-info/SOURCES.txt'
[1.267s] reading manifest file '../../build/coordinates_generator/coordinates_generator.egg-info/SOURCES.txt'
[1.268s] writing manifest file '../../build/coordinates_generator/coordinates_generator.egg-info/SOURCES.txt'
[1.268s] running build
[1.268s] running build_py
[1.268s] creating /home/agilex/agilex_mx/build/coordinates_generator/build
[1.268s] creating /home/agilex/agilex_mx/build/coordinates_generator/build/lib
[1.268s] creating /home/agilex/agilex_mx/build/coordinates_generator/build/lib/coordinates_generator
[1.268s] copying coordinates_generator/person_tracker.py -> /home/agilex/agilex_mx/build/coordinates_generator/build/lib/coordinates_generator
[1.269s] copying coordinates_generator/__init__.py -> /home/agilex/agilex_mx/build/coordinates_generator/build/lib/coordinates_generator
[1.269s] copying coordinates_generator/person_detector.py -> /home/agilex/agilex_mx/build/coordinates_generator/build/lib/coordinates_generator
[1.269s] running install
[1.269s] running install_lib
[1.269s] creating /home/agilex/agilex_mx/install/coordinates_generator/lib/python3.10/site-packages/coordinates_generator
[1.269s] copying /home/agilex/agilex_mx/build/coordinates_generator/build/lib/coordinates_generator/person_tracker.py -> /home/agilex/agilex_mx/install/coordinates_generator/lib/python3.10/site-packages/coordinates_generator
[1.269s] copying /home/agilex/agilex_mx/build/coordinates_generator/build/lib/coordinates_generator/__init__.py -> /home/agilex/agilex_mx/install/coordinates_generator/lib/python3.10/site-packages/coordinates_generator
[1.269s] copying /home/agilex/agilex_mx/build/coordinates_generator/build/lib/coordinates_generator/person_detector.py -> /home/agilex/agilex_mx/install/coordinates_generator/lib/python3.10/site-packages/coordinates_generator
[1.270s] byte-compiling /home/agilex/agilex_mx/install/coordinates_generator/lib/python3.10/site-packages/coordinates_generator/person_tracker.py to person_tracker.cpython-310.pyc
[1.270s] byte-compiling /home/agilex/agilex_mx/install/coordinates_generator/lib/python3.10/site-packages/coordinates_generator/__init__.py to __init__.cpython-310.pyc
[1.270s] byte-compiling /home/agilex/agilex_mx/install/coordinates_generator/lib/python3.10/site-packages/coordinates_generator/person_detector.py to person_detector.cpython-310.pyc
[1.271s] running install_data
[1.271s] creating /home/agilex/agilex_mx/install/coordinates_generator/share/ament_index
[1.271s] creating /home/agilex/agilex_mx/install/coordinates_generator/share/ament_index/resource_index
[1.271s] creating /home/agilex/agilex_mx/install/coordinates_generator/share/ament_index/resource_index/packages
[1.271s] copying resource/coordinates_generator -> /home/agilex/agilex_mx/install/coordinates_generator/share/ament_index/resource_index/packages
[1.271s] copying package.xml -> /home/agilex/agilex_mx/install/coordinates_generator/share/coordinates_generator
[1.272s] creating /home/agilex/agilex_mx/install/coordinates_generator/share/coordinates_generator/models
[1.272s] copying models/best.pt -> /home/agilex/agilex_mx/install/coordinates_generator/share/coordinates_generator/models
[1.301s] creating /home/agilex/agilex_mx/install/coordinates_generator/share/coordinates_generator/launch
[1.301s] running install_egg_info
[1.303s] Copying ../../build/coordinates_generator/coordinates_generator.egg-info to /home/agilex/agilex_mx/install/coordinates_generator/lib/python3.10/site-packages/coordinates_generator-0.1.0-py3.10.egg-info
[1.303s] running install_scripts
[1.318s] Installing person_detector script to /home/agilex/agilex_mx/install/coordinates_generator/lib/coordinates_generator
[1.318s] Installing person_tracker script to /home/agilex/agilex_mx/install/coordinates_generator/lib/coordinates_generator
[1.318s] writing list of installed files to '/home/agilex/agilex_mx/build/coordinates_generator/install.log'
[1.348s] Invoked command in '/home/agilex/agilex_mx/src/coordinates_generator' returned '0': PYTHONPATH=/home/agilex/agilex_mx/build/coordinates_generator/prefix_override:/home/agilex/agilex_mx/install/coordinates_generator/lib/python3.10/site-packages:${PYTHONPATH} /usr/bin/python3 setup.py egg_info --egg-base ../../build/coordinates_generator build --build-base /home/agilex/agilex_mx/build/coordinates_generator/build install --record /home/agilex/agilex_mx/build/coordinates_generator/install.log --single-version-externally-managed
