[0.544s] Invoking command in '/home/agilex/agilex_mx/src/ejecucion': PYTHONPATH=/home/agilex/agilex_mx/build/ejecucion/prefix_override:/home/agilex/agilex_mx/install/ejecucion/lib/python3.10/site-packages:${PYTHONPATH} /usr/bin/python3 setup.py egg_info --egg-base ../../build/ejecucion build --build-base /home/agilex/agilex_mx/build/ejecucion/build install --record /home/agilex/agilex_mx/build/ejecucion/install.log --single-version-externally-managed
[0.702s] running egg_info
[0.702s] writing ../../build/ejecucion/ejecucion.egg-info/PKG-INFO
[0.703s] writing dependency_links to ../../build/ejecucion/ejecucion.egg-info/dependency_links.txt
[0.703s] writing entry points to ../../build/ejecucion/ejecucion.egg-info/entry_points.txt
[0.703s] writing requirements to ../../build/ejecucion/ejecucion.egg-info/requires.txt
[0.703s] writing top-level names to ../../build/ejecucion/ejecucion.egg-info/top_level.txt
[0.704s] reading manifest file '../../build/ejecucion/ejecucion.egg-info/SOURCES.txt'
[0.704s] writing manifest file '../../build/ejecucion/ejecucion.egg-info/SOURCES.txt'
[0.704s] running build
[0.704s] running build_py
[0.704s] copying ejecucion/trajectory_controller.py -> /home/agilex/agilex_mx/build/ejecucion/build/lib/ejecucion
[0.704s] running install
[0.705s] running install_lib
[0.705s] copying /home/agilex/agilex_mx/build/ejecucion/build/lib/ejecucion/trajectory_controller.py -> /home/agilex/agilex_mx/install/ejecucion/lib/python3.10/site-packages/ejecucion
[0.706s] byte-compiling /home/agilex/agilex_mx/install/ejecucion/lib/python3.10/site-packages/ejecucion/trajectory_controller.py to trajectory_controller.cpython-310.pyc
[0.706s] running install_data
[0.707s] copying launch/control_system.launch.py -> /home/agilex/agilex_mx/install/ejecucion/share/ejecucion/launch
[0.707s] running install_egg_info
[0.708s] removing '/home/agilex/agilex_mx/install/ejecucion/lib/python3.10/site-packages/ejecucion-0.0.0-py3.10.egg-info' (and everything under it)
[0.708s] Copying ../../build/ejecucion/ejecucion.egg-info to /home/agilex/agilex_mx/install/ejecucion/lib/python3.10/site-packages/ejecucion-0.0.0-py3.10.egg-info
[0.708s] running install_scripts
[0.720s] Installing odom_pid_controller script to /home/agilex/agilex_mx/install/ejecucion/lib/ejecucion
[0.720s] Installing pid_controller script to /home/agilex/agilex_mx/install/ejecucion/lib/ejecucion
[0.720s] Installing target_publisher script to /home/agilex/agilex_mx/install/ejecucion/lib/ejecucion
[0.720s] Installing trajectory_controller script to /home/agilex/agilex_mx/install/ejecucion/lib/ejecucion
[0.720s] writing list of installed files to '/home/agilex/agilex_mx/build/ejecucion/install.log'
[0.736s] Invoked command in '/home/agilex/agilex_mx/src/ejecucion' returned '0': PYTHONPATH=/home/agilex/agilex_mx/build/ejecucion/prefix_override:/home/agilex/agilex_mx/install/ejecucion/lib/python3.10/site-packages:${PYTHONPATH} /usr/bin/python3 setup.py egg_info --egg-base ../../build/ejecucion build --build-base /home/agilex/agilex_mx/build/ejecucion/build install --record /home/agilex/agilex_mx/build/ejecucion/install.log --single-version-externally-managed
