[1.087s] Invoking command in '/home/agilex/agilex_mx/src/coordinates_generator': PYTHONPATH=/home/agilex/agilex_mx/build/coordinates_generator/prefix_override:/home/agilex/agilex_mx/install/coordinates_generator/lib/python3.10/site-packages:${PYTHONPATH} /usr/bin/python3 setup.py egg_info --egg-base ../../build/coordinates_generator build --build-base /home/agilex/agilex_mx/build/coordinates_generator/build install --record /home/agilex/agilex_mx/build/coordinates_generator/install.log --single-version-externally-managed
[1.274s] running egg_info
[1.274s] writing ../../build/coordinates_generator/coordinates_generator.egg-info/PKG-INFO
[1.274s] writing dependency_links to ../../build/coordinates_generator/coordinates_generator.egg-info/dependency_links.txt
[1.274s] writing entry points to ../../build/coordinates_generator/coordinates_generator.egg-info/entry_points.txt
[1.274s] writing requirements to ../../build/coordinates_generator/coordinates_generator.egg-info/requires.txt
[1.274s] writing top-level names to ../../build/coordinates_generator/coordinates_generator.egg-info/top_level.txt
[1.275s] reading manifest file '../../build/coordinates_generator/coordinates_generator.egg-info/SOURCES.txt'
[1.276s] writing manifest file '../../build/coordinates_generator/coordinates_generator.egg-info/SOURCES.txt'
[1.276s] running build
[1.276s] running build_py
[1.276s] copying coordinates_generator/person_tracker.py -> /home/agilex/agilex_mx/build/coordinates_generator/build/lib/coordinates_generator
[1.277s] running install
[1.277s] running install_lib
[1.277s] copying /home/agilex/agilex_mx/build/coordinates_generator/build/lib/coordinates_generator/person_tracker.py -> /home/agilex/agilex_mx/install/coordinates_generator/lib/python3.10/site-packages/coordinates_generator
[1.277s] byte-compiling /home/agilex/agilex_mx/install/coordinates_generator/lib/python3.10/site-packages/coordinates_generator/person_tracker.py to person_tracker.cpython-310.pyc
[1.280s] running install_data
[1.280s] running install_egg_info
[1.282s] removing '/home/agilex/agilex_mx/install/coordinates_generator/lib/python3.10/site-packages/coordinates_generator-0.1.0-py3.10.egg-info' (and everything under it)
[1.282s] Copying ../../build/coordinates_generator/coordinates_generator.egg-info to /home/agilex/agilex_mx/install/coordinates_generator/lib/python3.10/site-packages/coordinates_generator-0.1.0-py3.10.egg-info
[1.283s] running install_scripts
[1.300s] Installing person_detector script to /home/agilex/agilex_mx/install/coordinates_generator/lib/coordinates_generator
[1.301s] Installing person_tracker script to /home/agilex/agilex_mx/install/coordinates_generator/lib/coordinates_generator
[1.301s] writing list of installed files to '/home/agilex/agilex_mx/build/coordinates_generator/install.log'
[1.398s] Invoked command in '/home/agilex/agilex_mx/src/coordinates_generator' returned '0': PYTHONPATH=/home/agilex/agilex_mx/build/coordinates_generator/prefix_override:/home/agilex/agilex_mx/install/coordinates_generator/lib/python3.10/site-packages:${PYTHONPATH} /usr/bin/python3 setup.py egg_info --egg-base ../../build/coordinates_generator build --build-base /home/agilex/agilex_mx/build/coordinates_generator/build install --record /home/agilex/agilex_mx/build/coordinates_generator/install.log --single-version-externally-managed
