[0.437s] Invoking command in '/home/agilex/ros2_ws/src/ejecucion': PYTHONPATH=/home/agilex/ros2_ws/build/ejecucion/prefix_override:/home/agilex/ros2_ws/install/ejecucion/lib/python3.10/site-packages:${PYTHONPATH} /usr/bin/python3 setup.py egg_info --egg-base ../../build/ejecucion build --build-base /home/agilex/ros2_ws/build/ejecucion/build install --record /home/agilex/ros2_ws/build/ejecucion/install.log --single-version-externally-managed
[0.581s] running egg_info
[0.581s] writing ../../build/ejecucion/ejecucion.egg-info/PKG-INFO
[0.582s] writing dependency_links to ../../build/ejecucion/ejecucion.egg-info/dependency_links.txt
[0.582s] writing entry points to ../../build/ejecucion/ejecucion.egg-info/entry_points.txt
[0.582s] writing requirements to ../../build/ejecucion/ejecucion.egg-info/requires.txt
[0.582s] writing top-level names to ../../build/ejecucion/ejecucion.egg-info/top_level.txt
[0.583s] reading manifest file '../../build/ejecucion/ejecucion.egg-info/SOURCES.txt'
[0.583s] writing manifest file '../../build/ejecucion/ejecucion.egg-info/SOURCES.txt'
[0.583s] running build
[0.583s] running build_py
[0.583s] copying ejecucion/pid_controller_node.py -> /home/agilex/ros2_ws/build/ejecucion/build/lib/ejecucion
[0.583s] running install
[0.583s] running install_lib
[0.584s] copying /home/agilex/ros2_ws/build/ejecucion/build/lib/ejecucion/pid_controller_node.py -> /home/agilex/ros2_ws/install/ejecucion/lib/python3.10/site-packages/ejecucion
[0.584s] byte-compiling /home/agilex/ros2_ws/install/ejecucion/lib/python3.10/site-packages/ejecucion/pid_controller_node.py to pid_controller_node.cpython-310.pyc
[0.585s] running install_data
[0.585s] running install_egg_info
[0.586s] removing '/home/agilex/ros2_ws/install/ejecucion/lib/python3.10/site-packages/ejecucion-0.0.0-py3.10.egg-info' (and everything under it)
[0.586s] Copying ../../build/ejecucion/ejecucion.egg-info to /home/agilex/ros2_ws/install/ejecucion/lib/python3.10/site-packages/ejecucion-0.0.0-py3.10.egg-info
[0.586s] running install_scripts
[0.598s] Installing pid_controller script to /home/agilex/ros2_ws/install/ejecucion/lib/ejecucion
[0.598s] Installing target_publisher script to /home/agilex/ros2_ws/install/ejecucion/lib/ejecucion
[0.598s] writing list of installed files to '/home/agilex/ros2_ws/build/ejecucion/install.log'
[0.611s] Invoked command in '/home/agilex/ros2_ws/src/ejecucion' returned '0': PYTHONPATH=/home/agilex/ros2_ws/build/ejecucion/prefix_override:/home/agilex/ros2_ws/install/ejecucion/lib/python3.10/site-packages:${PYTHONPATH} /usr/bin/python3 setup.py egg_info --egg-base ../../build/ejecucion build --build-base /home/agilex/ros2_ws/build/ejecucion/build install --record /home/agilex/ros2_ws/build/ejecucion/install.log --single-version-externally-managed
