[0.897s] DEBUG:colcon:Command line arguments: ['/usr/bin/colcon', 'build']
[0.897s] DEBUG:colcon:Parsed command line arguments: Namespace(log_base=None, log_level=None, verb_name='build', build_base='build', install_base='install', merge_install=False, symlink_install=False, test_result_base=None, continue_on_error=False, executor='parallel', parallel_workers=16, event_handlers=None, ignore_user_meta=False, metas=['./colcon.meta'], base_paths=['.'], packages_ignore=None, packages_ignore_regex=None, paths=None, packages_up_to=None, packages_up_to_regex=None, packages_above=None, packages_above_and_dependencies=None, packages_above_depth=None, packages_select_by_dep=None, packages_skip_by_dep=None, packages_skip_up_to=None, packages_select_build_failed=False, packages_skip_build_finished=False, packages_select_test_failures=False, packages_skip_test_passed=False, packages_select=None, packages_skip=None, packages_select_regex=None, packages_skip_regex=None, packages_start=None, packages_end=None, allow_overriding=[], cmake_args=None, cmake_target=None, cmake_target_skip_unavailable=False, cmake_clean_cache=False, cmake_clean_first=False, cmake_force_configure=False, ament_cmake_args=None, catkin_cmake_args=None, catkin_skip_building_tests=False, verb_parser=<colcon_defaults.argument_parser.defaults.DefaultArgumentsDecorator object at 0x746186ac5030>, verb_extension=<colcon_core.verb.build.BuildVerb object at 0x746186d55480>, main=<bound method BuildVerb.main of <colcon_core.verb.build.BuildVerb object at 0x746186d55480>>)
[0.948s] Level 1:colcon.colcon_core.package_discovery:discover_packages(colcon_meta) check parameters
[0.948s] Level 1:colcon.colcon_core.package_discovery:discover_packages(recursive) check parameters
[0.948s] Level 1:colcon.colcon_core.package_discovery:discover_packages(ignore) check parameters
[0.948s] Level 1:colcon.colcon_core.package_discovery:discover_packages(path) check parameters
[0.948s] Level 1:colcon.colcon_core.package_discovery:discover_packages(colcon_meta) discover
[0.948s] Level 1:colcon.colcon_core.package_discovery:discover_packages(recursive) discover
[0.948s] INFO:colcon.colcon_core.package_discovery:Crawling recursively for packages in '/home/agilex/agilex_mx'
[0.948s] Level 1:colcon.colcon_core.package_identification:_identify(.) by extensions ['ignore', 'ignore_ament_install']
[0.949s] Level 1:colcon.colcon_core.package_identification:_identify(.) by extension 'ignore'
[0.949s] Level 1:colcon.colcon_core.package_identification:_identify(.) by extension 'ignore_ament_install'
[0.949s] Level 1:colcon.colcon_core.package_identification:_identify(.) by extensions ['colcon_pkg']
[0.949s] Level 1:colcon.colcon_core.package_identification:_identify(.) by extension 'colcon_pkg'
[0.949s] Level 1:colcon.colcon_core.package_identification:_identify(.) by extensions ['colcon_meta']
[0.949s] Level 1:colcon.colcon_core.package_identification:_identify(.) by extension 'colcon_meta'
[0.949s] Level 1:colcon.colcon_core.package_identification:_identify(.) by extensions ['ros']
[0.949s] Level 1:colcon.colcon_core.package_identification:_identify(.) by extension 'ros'
[0.965s] Level 1:colcon.colcon_core.package_identification:_identify(.) by extensions ['cmake', 'python']
[0.965s] Level 1:colcon.colcon_core.package_identification:_identify(.) by extension 'cmake'
[0.965s] Level 1:colcon.colcon_core.package_identification:_identify(.) by extension 'python'
[0.965s] Level 1:colcon.colcon_core.package_identification:_identify(.) by extensions ['python_setup_py']
[0.965s] Level 1:colcon.colcon_core.package_identification:_identify(.) by extension 'python_setup_py'
[0.965s] Level 1:colcon.colcon_core.package_identification:_identify(build) by extensions ['ignore', 'ignore_ament_install']
[0.966s] Level 1:colcon.colcon_core.package_identification:_identify(build) by extension 'ignore'
[0.966s] Level 1:colcon.colcon_core.package_identification:_identify(build) ignored
[0.966s] Level 1:colcon.colcon_core.package_identification:_identify(install) by extensions ['ignore', 'ignore_ament_install']
[0.966s] Level 1:colcon.colcon_core.package_identification:_identify(install) by extension 'ignore'
[0.966s] Level 1:colcon.colcon_core.package_identification:_identify(install) ignored
[0.966s] Level 1:colcon.colcon_core.package_identification:_identify(log) by extensions ['ignore', 'ignore_ament_install']
[0.966s] Level 1:colcon.colcon_core.package_identification:_identify(log) by extension 'ignore'
[0.966s] Level 1:colcon.colcon_core.package_identification:_identify(log) ignored
[0.966s] Level 1:colcon.colcon_core.package_identification:_identify(src) by extensions ['ignore', 'ignore_ament_install']
[0.966s] Level 1:colcon.colcon_core.package_identification:_identify(src) by extension 'ignore'
[0.967s] Level 1:colcon.colcon_core.package_identification:_identify(src) by extension 'ignore_ament_install'
[0.967s] Level 1:colcon.colcon_core.package_identification:_identify(src) by extensions ['colcon_pkg']
[0.967s] Level 1:colcon.colcon_core.package_identification:_identify(src) by extension 'colcon_pkg'
[0.967s] Level 1:colcon.colcon_core.package_identification:_identify(src) by extensions ['colcon_meta']
[0.967s] Level 1:colcon.colcon_core.package_identification:_identify(src) by extension 'colcon_meta'
[0.967s] Level 1:colcon.colcon_core.package_identification:_identify(src) by extensions ['ros']
[0.967s] Level 1:colcon.colcon_core.package_identification:_identify(src) by extension 'ros'
[0.967s] Level 1:colcon.colcon_core.package_identification:_identify(src) by extensions ['cmake', 'python']
[0.967s] Level 1:colcon.colcon_core.package_identification:_identify(src) by extension 'cmake'
[0.967s] Level 1:colcon.colcon_core.package_identification:_identify(src) by extension 'python'
[0.967s] Level 1:colcon.colcon_core.package_identification:_identify(src) by extensions ['python_setup_py']
[0.967s] Level 1:colcon.colcon_core.package_identification:_identify(src) by extension 'python_setup_py'
[0.967s] Level 1:colcon.colcon_core.package_identification:_identify(src/coordinates_generator) by extensions ['ignore', 'ignore_ament_install']
[0.967s] Level 1:colcon.colcon_core.package_identification:_identify(src/coordinates_generator) by extension 'ignore'
[0.968s] Level 1:colcon.colcon_core.package_identification:_identify(src/coordinates_generator) by extension 'ignore_ament_install'
[0.968s] Level 1:colcon.colcon_core.package_identification:_identify(src/coordinates_generator) by extensions ['colcon_pkg']
[0.968s] Level 1:colcon.colcon_core.package_identification:_identify(src/coordinates_generator) by extension 'colcon_pkg'
[0.968s] Level 1:colcon.colcon_core.package_identification:_identify(src/coordinates_generator) by extensions ['colcon_meta']
[0.968s] Level 1:colcon.colcon_core.package_identification:_identify(src/coordinates_generator) by extension 'colcon_meta'
[0.968s] Level 1:colcon.colcon_core.package_identification:_identify(src/coordinates_generator) by extensions ['ros']
[0.968s] Level 1:colcon.colcon_core.package_identification:_identify(src/coordinates_generator) by extension 'ros'
[0.973s] DEBUG:colcon.colcon_core.package_identification:Package 'src/coordinates_generator' with type 'ros.ament_python' and name 'coordinates_generator'
[0.973s] Level 1:colcon.colcon_core.package_identification:_identify(src/ejecucion) by extensions ['ignore', 'ignore_ament_install']
[0.973s] Level 1:colcon.colcon_core.package_identification:_identify(src/ejecucion) by extension 'ignore'
[0.973s] Level 1:colcon.colcon_core.package_identification:_identify(src/ejecucion) by extension 'ignore_ament_install'
[0.973s] Level 1:colcon.colcon_core.package_identification:_identify(src/ejecucion) by extensions ['colcon_pkg']
[0.973s] Level 1:colcon.colcon_core.package_identification:_identify(src/ejecucion) by extension 'colcon_pkg'
[0.974s] Level 1:colcon.colcon_core.package_identification:_identify(src/ejecucion) by extensions ['colcon_meta']
[0.974s] Level 1:colcon.colcon_core.package_identification:_identify(src/ejecucion) by extension 'colcon_meta'
[0.974s] Level 1:colcon.colcon_core.package_identification:_identify(src/ejecucion) by extensions ['ros']
[0.974s] Level 1:colcon.colcon_core.package_identification:_identify(src/ejecucion) by extension 'ros'
[0.975s] DEBUG:colcon.colcon_core.package_identification:Package 'src/ejecucion' with type 'ros.ament_python' and name 'ejecucion'
[0.975s] Level 1:colcon.colcon_core.package_identification:_identify(src/tracker) by extensions ['ignore', 'ignore_ament_install']
[0.975s] Level 1:colcon.colcon_core.package_identification:_identify(src/tracker) by extension 'ignore'
[0.975s] Level 1:colcon.colcon_core.package_identification:_identify(src/tracker) by extension 'ignore_ament_install'
[0.975s] Level 1:colcon.colcon_core.package_identification:_identify(src/tracker) by extensions ['colcon_pkg']
[0.975s] Level 1:colcon.colcon_core.package_identification:_identify(src/tracker) by extension 'colcon_pkg'
[0.976s] Level 1:colcon.colcon_core.package_identification:_identify(src/tracker) by extensions ['colcon_meta']
[0.976s] Level 1:colcon.colcon_core.package_identification:_identify(src/tracker) by extension 'colcon_meta'
[0.976s] Level 1:colcon.colcon_core.package_identification:_identify(src/tracker) by extensions ['ros']
[0.976s] Level 1:colcon.colcon_core.package_identification:_identify(src/tracker) by extension 'ros'
[0.977s] DEBUG:colcon.colcon_core.package_identification:Package 'src/tracker' with type 'ros.ament_python' and name 'tracker'
[0.977s] Level 1:colcon.colcon_core.package_discovery:discover_packages(recursive) using defaults
[0.977s] Level 1:colcon.colcon_core.package_discovery:discover_packages(ignore) discover
[0.977s] Level 1:colcon.colcon_core.package_discovery:discover_packages(ignore) using defaults
[0.977s] Level 1:colcon.colcon_core.package_discovery:discover_packages(path) discover
[0.977s] Level 1:colcon.colcon_core.package_discovery:discover_packages(path) using defaults
[1.083s] Level 1:colcon.colcon_core.package_discovery:discover_packages(prefix_path) check parameters
[1.083s] Level 1:colcon.colcon_core.package_discovery:discover_packages(prefix_path) discover
[1.114s] DEBUG:colcon.colcon_installed_package_information.package_discovery:Found 3 installed packages in /home/agilex/agilex_mx/install
[1.149s] DEBUG:colcon.colcon_installed_package_information.package_discovery:Found 61 installed packages in /home/agilex/agilex_ws/install
[1.174s] DEBUG:colcon.colcon_installed_package_information.package_discovery:Found 365 installed packages in /opt/ros/humble
[1.178s] Level 1:colcon.colcon_core.package_discovery:discover_packages(prefix_path) using defaults
[1.327s] Level 5:colcon.colcon_core.verb:set package 'coordinates_generator' build argument 'cmake_args' from command line to 'None'
[1.327s] Level 5:colcon.colcon_core.verb:set package 'coordinates_generator' build argument 'cmake_target' from command line to 'None'
[1.327s] Level 5:colcon.colcon_core.verb:set package 'coordinates_generator' build argument 'cmake_target_skip_unavailable' from command line to 'False'
[1.327s] Level 5:colcon.colcon_core.verb:set package 'coordinates_generator' build argument 'cmake_clean_cache' from command line to 'False'
[1.328s] Level 5:colcon.colcon_core.verb:set package 'coordinates_generator' build argument 'cmake_clean_first' from command line to 'False'
[1.328s] Level 5:colcon.colcon_core.verb:set package 'coordinates_generator' build argument 'cmake_force_configure' from command line to 'False'
[1.328s] Level 5:colcon.colcon_core.verb:set package 'coordinates_generator' build argument 'ament_cmake_args' from command line to 'None'
[1.328s] Level 5:colcon.colcon_core.verb:set package 'coordinates_generator' build argument 'catkin_cmake_args' from command line to 'None'
[1.328s] Level 5:colcon.colcon_core.verb:set package 'coordinates_generator' build argument 'catkin_skip_building_tests' from command line to 'False'
[1.328s] DEBUG:colcon.colcon_core.verb:Building package 'coordinates_generator' with the following arguments: {'ament_cmake_args': None, 'build_base': '/home/agilex/agilex_mx/build/coordinates_generator', 'catkin_cmake_args': None, 'catkin_skip_building_tests': False, 'cmake_args': None, 'cmake_clean_cache': False, 'cmake_clean_first': False, 'cmake_force_configure': False, 'cmake_target': None, 'cmake_target_skip_unavailable': False, 'install_base': '/home/agilex/agilex_mx/install/coordinates_generator', 'merge_install': False, 'path': '/home/agilex/agilex_mx/src/coordinates_generator', 'symlink_install': False, 'test_result_base': None}
[1.349s] Level 5:colcon.colcon_core.verb:set package 'ejecucion' build argument 'cmake_args' from command line to 'None'
[1.349s] Level 5:colcon.colcon_core.verb:set package 'ejecucion' build argument 'cmake_target' from command line to 'None'
[1.349s] Level 5:colcon.colcon_core.verb:set package 'ejecucion' build argument 'cmake_target_skip_unavailable' from command line to 'False'
[1.350s] Level 5:colcon.colcon_core.verb:set package 'ejecucion' build argument 'cmake_clean_cache' from command line to 'False'
[1.350s] Level 5:colcon.colcon_core.verb:set package 'ejecucion' build argument 'cmake_clean_first' from command line to 'False'
[1.350s] Level 5:colcon.colcon_core.verb:set package 'ejecucion' build argument 'cmake_force_configure' from command line to 'False'
[1.350s] Level 5:colcon.colcon_core.verb:set package 'ejecucion' build argument 'ament_cmake_args' from command line to 'None'
[1.350s] Level 5:colcon.colcon_core.verb:set package 'ejecucion' build argument 'catkin_cmake_args' from command line to 'None'
[1.350s] Level 5:colcon.colcon_core.verb:set package 'ejecucion' build argument 'catkin_skip_building_tests' from command line to 'False'
[1.350s] DEBUG:colcon.colcon_core.verb:Building package 'ejecucion' with the following arguments: {'ament_cmake_args': None, 'build_base': '/home/agilex/agilex_mx/build/ejecucion', 'catkin_cmake_args': None, 'catkin_skip_building_tests': False, 'cmake_args': None, 'cmake_clean_cache': False, 'cmake_clean_first': False, 'cmake_force_configure': False, 'cmake_target': None, 'cmake_target_skip_unavailable': False, 'install_base': '/home/agilex/agilex_mx/install/ejecucion', 'merge_install': False, 'path': '/home/agilex/agilex_mx/src/ejecucion', 'symlink_install': False, 'test_result_base': None}
[1.372s] Level 5:colcon.colcon_core.verb:set package 'tracker' build argument 'cmake_args' from command line to 'None'
[1.372s] Level 5:colcon.colcon_core.verb:set package 'tracker' build argument 'cmake_target' from command line to 'None'
[1.372s] Level 5:colcon.colcon_core.verb:set package 'tracker' build argument 'cmake_target_skip_unavailable' from command line to 'False'
[1.372s] Level 5:colcon.colcon_core.verb:set package 'tracker' build argument 'cmake_clean_cache' from command line to 'False'
[1.372s] Level 5:colcon.colcon_core.verb:set package 'tracker' build argument 'cmake_clean_first' from command line to 'False'
[1.372s] Level 5:colcon.colcon_core.verb:set package 'tracker' build argument 'cmake_force_configure' from command line to 'False'
[1.372s] Level 5:colcon.colcon_core.verb:set package 'tracker' build argument 'ament_cmake_args' from command line to 'None'
[1.372s] Level 5:colcon.colcon_core.verb:set package 'tracker' build argument 'catkin_cmake_args' from command line to 'None'
[1.372s] Level 5:colcon.colcon_core.verb:set package 'tracker' build argument 'catkin_skip_building_tests' from command line to 'False'
[1.372s] DEBUG:colcon.colcon_core.verb:Building package 'tracker' with the following arguments: {'ament_cmake_args': None, 'build_base': '/home/agilex/agilex_mx/build/tracker', 'catkin_cmake_args': None, 'catkin_skip_building_tests': False, 'cmake_args': None, 'cmake_clean_cache': False, 'cmake_clean_first': False, 'cmake_force_configure': False, 'cmake_target': None, 'cmake_target_skip_unavailable': False, 'install_base': '/home/agilex/agilex_mx/install/tracker', 'merge_install': False, 'path': '/home/agilex/agilex_mx/src/tracker', 'symlink_install': False, 'test_result_base': None}
[1.394s] INFO:colcon.colcon_core.executor:Executing jobs using 'parallel' executor
[1.416s] DEBUG:colcon.colcon_parallel_executor.executor.parallel:run_until_complete
[1.417s] INFO:colcon.colcon_ros.task.ament_python.build:Building ROS package in '/home/agilex/agilex_mx/src/coordinates_generator' with build type 'ament_python'
[1.417s] Level 1:colcon.colcon_core.shell:create_environment_hook('coordinates_generator', 'ament_prefix_path')
[1.443s] INFO:colcon.colcon_core.plugin_system:Skipping extension 'colcon_core.shell.bat': Not used on non-Windows systems
[1.443s] INFO:colcon.colcon_core.shell:Creating environment hook '/home/agilex/agilex_mx/install/coordinates_generator/share/coordinates_generator/hook/ament_prefix_path.ps1'
[1.444s] INFO:colcon.colcon_core.shell:Creating environment descriptor '/home/agilex/agilex_mx/install/coordinates_generator/share/coordinates_generator/hook/ament_prefix_path.dsv'
[1.444s] INFO:colcon.colcon_core.shell:Creating environment hook '/home/agilex/agilex_mx/install/coordinates_generator/share/coordinates_generator/hook/ament_prefix_path.sh'
[1.466s] INFO:colcon.colcon_core.shell:Skip shell extension 'powershell' for command environment: Not usable outside of PowerShell
[1.466s] DEBUG:colcon.colcon_core.shell:Skip shell extension 'dsv' for command environment
[1.569s] INFO:colcon.colcon_ros.task.ament_python.build:Building ROS package in '/home/agilex/agilex_mx/src/ejecucion' with build type 'ament_python'
[1.569s] Level 1:colcon.colcon_core.shell:create_environment_hook('ejecucion', 'ament_prefix_path')
[1.592s] INFO:colcon.colcon_core.shell:Creating environment hook '/home/agilex/agilex_mx/install/ejecucion/share/ejecucion/hook/ament_prefix_path.ps1'
[1.592s] INFO:colcon.colcon_core.shell:Creating environment descriptor '/home/agilex/agilex_mx/install/ejecucion/share/ejecucion/hook/ament_prefix_path.dsv'
[1.593s] INFO:colcon.colcon_core.shell:Creating environment hook '/home/agilex/agilex_mx/install/ejecucion/share/ejecucion/hook/ament_prefix_path.sh'
[1.615s] INFO:colcon.colcon_core.shell:Skip shell extension 'powershell' for command environment: Not usable outside of PowerShell
[1.615s] DEBUG:colcon.colcon_core.shell:Skip shell extension 'dsv' for command environment
[1.708s] INFO:colcon.colcon_ros.task.ament_python.build:Building ROS package in '/home/agilex/agilex_mx/src/tracker' with build type 'ament_python'
[1.708s] Level 1:colcon.colcon_core.shell:create_environment_hook('tracker', 'ament_prefix_path')
[1.730s] INFO:colcon.colcon_core.shell:Creating environment hook '/home/agilex/agilex_mx/install/tracker/share/tracker/hook/ament_prefix_path.ps1'
[1.731s] INFO:colcon.colcon_core.shell:Creating environment descriptor '/home/agilex/agilex_mx/install/tracker/share/tracker/hook/ament_prefix_path.dsv'
[1.731s] INFO:colcon.colcon_core.shell:Creating environment hook '/home/agilex/agilex_mx/install/tracker/share/tracker/hook/ament_prefix_path.sh'
[1.753s] INFO:colcon.colcon_core.shell:Skip shell extension 'powershell' for command environment: Not usable outside of PowerShell
[1.753s] DEBUG:colcon.colcon_core.shell:Skip shell extension 'dsv' for command environment
[2.231s] INFO:colcon.colcon_core.task.python.build:Building Python package in '/home/agilex/agilex_mx/src/coordinates_generator'
[2.256s] INFO:colcon.colcon_core.shell:Skip shell extension 'powershell' for command environment: Not usable outside of PowerShell
[2.257s] DEBUG:colcon.colcon_core.shell:Skip shell extension 'dsv' for command environment
[2.747s] INFO:colcon.colcon_core.task.python.build:Building Python package in '/home/agilex/agilex_mx/src/ejecucion'
[2.759s] INFO:colcon.colcon_core.shell:Skip shell extension 'powershell' for command environment: Not usable outside of PowerShell
[2.759s] DEBUG:colcon.colcon_core.shell:Skip shell extension 'dsv' for command environment
[3.192s] INFO:colcon.colcon_core.task.python.build:Building Python package in '/home/agilex/agilex_mx/src/tracker'
[3.214s] INFO:colcon.colcon_core.shell:Skip shell extension 'powershell' for command environment: Not usable outside of PowerShell
[3.214s] DEBUG:colcon.colcon_core.shell:Skip shell extension 'dsv' for command environment
[3.626s] DEBUG:colcon.colcon_core.event_handler.log_command:Invoking command in '/home/agilex/agilex_mx/src/tracker': PYTHONPATH=/home/agilex/agilex_mx/build/tracker/prefix_override:/home/agilex/agilex_mx/install/tracker/lib/python3.10/site-packages:${PYTHONPATH} /usr/bin/python3 setup.py egg_info --egg-base ../../build/tracker build --build-base /home/agilex/agilex_mx/build/tracker/build install --record /home/agilex/agilex_mx/build/tracker/install.log --single-version-externally-managed
[3.631s] DEBUG:colcon.colcon_core.event_handler.log_command:Invoking command in '/home/agilex/agilex_mx/src/ejecucion': PYTHONPATH=/home/agilex/agilex_mx/build/ejecucion/prefix_override:/home/agilex/agilex_mx/install/ejecucion/lib/python3.10/site-packages:${PYTHONPATH} /usr/bin/python3 setup.py egg_info --egg-base ../../build/ejecucion build --build-base /home/agilex/agilex_mx/build/ejecucion/build install --record /home/agilex/agilex_mx/build/ejecucion/install.log --single-version-externally-managed
[3.779s] DEBUG:colcon.colcon_core.event_handler.log_command:Invoking command in '/home/agilex/agilex_mx/src/coordinates_generator': PYTHONPATH=/home/agilex/agilex_mx/build/coordinates_generator/prefix_override:/home/agilex/agilex_mx/install/coordinates_generator/lib/python3.10/site-packages:${PYTHONPATH} /usr/bin/python3 setup.py egg_info --egg-base ../../build/coordinates_generator build --build-base /home/agilex/agilex_mx/build/coordinates_generator/build install --record /home/agilex/agilex_mx/build/coordinates_generator/install.log --single-version-externally-managed
[3.900s] DEBUG:colcon.colcon_core.event_handler.log_command:Invoked command in '/home/agilex/agilex_mx/src/tracker' returned '0': PYTHONPATH=/home/agilex/agilex_mx/build/tracker/prefix_override:/home/agilex/agilex_mx/install/tracker/lib/python3.10/site-packages:${PYTHONPATH} /usr/bin/python3 setup.py egg_info --egg-base ../../build/tracker build --build-base /home/agilex/agilex_mx/build/tracker/build install --record /home/agilex/agilex_mx/build/tracker/install.log --single-version-externally-managed
[3.929s] Level 1:colcon.colcon_core.environment:checking '/home/agilex/agilex_mx/install/tracker' for CMake module files
[3.929s] Level 1:colcon.colcon_core.environment:checking '/home/agilex/agilex_mx/install/tracker' for CMake config files
[3.930s] Level 1:colcon.colcon_core.environment:checking '/home/agilex/agilex_mx/install/tracker/lib'
[3.930s] Level 1:colcon.colcon_core.environment:checking '/home/agilex/agilex_mx/install/tracker/bin'
[3.930s] Level 1:colcon.colcon_core.environment:checking '/home/agilex/agilex_mx/install/tracker/lib/pkgconfig/tracker.pc'
[3.931s] Level 1:colcon.colcon_core.environment:checking '/home/agilex/agilex_mx/install/tracker/lib/python3.10/site-packages'
[3.931s] Level 1:colcon.colcon_core.shell:create_environment_hook('tracker', 'pythonpath')
[3.954s] INFO:colcon.colcon_core.shell:Creating environment hook '/home/agilex/agilex_mx/install/tracker/share/tracker/hook/pythonpath.ps1'
[3.955s] INFO:colcon.colcon_core.shell:Creating environment descriptor '/home/agilex/agilex_mx/install/tracker/share/tracker/hook/pythonpath.dsv'
[3.955s] INFO:colcon.colcon_core.shell:Creating environment hook '/home/agilex/agilex_mx/install/tracker/share/tracker/hook/pythonpath.sh'
[3.956s] Level 1:colcon.colcon_core.environment:checking '/home/agilex/agilex_mx/install/tracker/bin'
[3.957s] Level 1:colcon.colcon_core.environment:create_environment_scripts_only(tracker)
[3.980s] INFO:colcon.colcon_core.shell:Creating package script '/home/agilex/agilex_mx/install/tracker/share/tracker/package.ps1'
[3.982s] INFO:colcon.colcon_core.shell:Creating package descriptor '/home/agilex/agilex_mx/install/tracker/share/tracker/package.dsv'
[3.983s] INFO:colcon.colcon_core.shell:Creating package script '/home/agilex/agilex_mx/install/tracker/share/tracker/package.sh'
[3.984s] INFO:colcon.colcon_core.shell:Creating package script '/home/agilex/agilex_mx/install/tracker/share/tracker/package.bash'
[3.985s] INFO:colcon.colcon_core.shell:Creating package script '/home/agilex/agilex_mx/install/tracker/share/tracker/package.zsh'
[3.986s] Level 1:colcon.colcon_core.environment:create_file_with_runtime_dependencies(/home/agilex/agilex_mx/install/tracker/share/colcon-core/packages/tracker)
[4.065s] DEBUG:colcon.colcon_core.event_handler.log_command:Invoked command in '/home/agilex/agilex_mx/src/ejecucion' returned '0': PYTHONPATH=/home/agilex/agilex_mx/build/ejecucion/prefix_override:/home/agilex/agilex_mx/install/ejecucion/lib/python3.10/site-packages:${PYTHONPATH} /usr/bin/python3 setup.py egg_info --egg-base ../../build/ejecucion build --build-base /home/agilex/agilex_mx/build/ejecucion/build install --record /home/agilex/agilex_mx/build/ejecucion/install.log --single-version-externally-managed
[4.088s] Level 1:colcon.colcon_core.environment:checking '/home/agilex/agilex_mx/install/ejecucion' for CMake module files
[4.089s] Level 1:colcon.colcon_core.environment:checking '/home/agilex/agilex_mx/install/ejecucion' for CMake config files
[4.090s] Level 1:colcon.colcon_core.environment:checking '/home/agilex/agilex_mx/install/ejecucion/lib'
[4.090s] Level 1:colcon.colcon_core.environment:checking '/home/agilex/agilex_mx/install/ejecucion/bin'
[4.090s] Level 1:colcon.colcon_core.environment:checking '/home/agilex/agilex_mx/install/ejecucion/lib/pkgconfig/ejecucion.pc'
[4.091s] Level 1:colcon.colcon_core.environment:checking '/home/agilex/agilex_mx/install/ejecucion/lib/python3.10/site-packages'
[4.091s] Level 1:colcon.colcon_core.shell:create_environment_hook('ejecucion', 'pythonpath')
[4.113s] INFO:colcon.colcon_core.shell:Creating environment hook '/home/agilex/agilex_mx/install/ejecucion/share/ejecucion/hook/pythonpath.ps1'
[4.114s] INFO:colcon.colcon_core.shell:Creating environment descriptor '/home/agilex/agilex_mx/install/ejecucion/share/ejecucion/hook/pythonpath.dsv'
[4.115s] INFO:colcon.colcon_core.shell:Creating environment hook '/home/agilex/agilex_mx/install/ejecucion/share/ejecucion/hook/pythonpath.sh'
[4.115s] Level 1:colcon.colcon_core.environment:checking '/home/agilex/agilex_mx/install/ejecucion/bin'
[4.115s] Level 1:colcon.colcon_core.environment:create_environment_scripts_only(ejecucion)
[4.129s] INFO:colcon.colcon_core.shell:Creating package script '/home/agilex/agilex_mx/install/ejecucion/share/ejecucion/package.ps1'
[4.129s] INFO:colcon.colcon_core.shell:Creating package descriptor '/home/agilex/agilex_mx/install/ejecucion/share/ejecucion/package.dsv'
[4.130s] INFO:colcon.colcon_core.shell:Creating package script '/home/agilex/agilex_mx/install/ejecucion/share/ejecucion/package.sh'
[4.130s] INFO:colcon.colcon_core.shell:Creating package script '/home/agilex/agilex_mx/install/ejecucion/share/ejecucion/package.bash'
[4.130s] INFO:colcon.colcon_core.shell:Creating package script '/home/agilex/agilex_mx/install/ejecucion/share/ejecucion/package.zsh'
[4.130s] Level 1:colcon.colcon_core.environment:create_file_with_runtime_dependencies(/home/agilex/agilex_mx/install/ejecucion/share/colcon-core/packages/ejecucion)
[4.132s] DEBUG:colcon.colcon_core.event_handler.log_command:Invoked command in '/home/agilex/agilex_mx/src/coordinates_generator' returned '0': PYTHONPATH=/home/agilex/agilex_mx/build/coordinates_generator/prefix_override:/home/agilex/agilex_mx/install/coordinates_generator/lib/python3.10/site-packages:${PYTHONPATH} /usr/bin/python3 setup.py egg_info --egg-base ../../build/coordinates_generator build --build-base /home/agilex/agilex_mx/build/coordinates_generator/build install --record /home/agilex/agilex_mx/build/coordinates_generator/install.log --single-version-externally-managed
[4.144s] Level 1:colcon.colcon_core.environment:checking '/home/agilex/agilex_mx/install/coordinates_generator' for CMake module files
[4.144s] Level 1:colcon.colcon_core.environment:checking '/home/agilex/agilex_mx/install/coordinates_generator' for CMake config files
[4.145s] Level 1:colcon.colcon_core.environment:checking '/home/agilex/agilex_mx/install/coordinates_generator/lib'
[4.145s] Level 1:colcon.colcon_core.environment:checking '/home/agilex/agilex_mx/install/coordinates_generator/bin'
[4.145s] Level 1:colcon.colcon_core.environment:checking '/home/agilex/agilex_mx/install/coordinates_generator/lib/pkgconfig/coordinates_generator.pc'
[4.145s] Level 1:colcon.colcon_core.environment:checking '/home/agilex/agilex_mx/install/coordinates_generator/lib/python3.10/site-packages'
[4.145s] Level 1:colcon.colcon_core.shell:create_environment_hook('coordinates_generator', 'pythonpath')
[4.170s] INFO:colcon.colcon_core.shell:Creating environment hook '/home/agilex/agilex_mx/install/coordinates_generator/share/coordinates_generator/hook/pythonpath.ps1'
[4.171s] INFO:colcon.colcon_core.shell:Creating environment descriptor '/home/agilex/agilex_mx/install/coordinates_generator/share/coordinates_generator/hook/pythonpath.dsv'
[4.171s] INFO:colcon.colcon_core.shell:Creating environment hook '/home/agilex/agilex_mx/install/coordinates_generator/share/coordinates_generator/hook/pythonpath.sh'
[4.171s] Level 1:colcon.colcon_core.environment:checking '/home/agilex/agilex_mx/install/coordinates_generator/bin'
[4.171s] Level 1:colcon.colcon_core.environment:create_environment_scripts_only(coordinates_generator)
[4.183s] INFO:colcon.colcon_core.shell:Creating package script '/home/agilex/agilex_mx/install/coordinates_generator/share/coordinates_generator/package.ps1'
[4.183s] INFO:colcon.colcon_core.shell:Creating package descriptor '/home/agilex/agilex_mx/install/coordinates_generator/share/coordinates_generator/package.dsv'
[4.183s] INFO:colcon.colcon_core.shell:Creating package script '/home/agilex/agilex_mx/install/coordinates_generator/share/coordinates_generator/package.sh'
[4.184s] INFO:colcon.colcon_core.shell:Creating package script '/home/agilex/agilex_mx/install/coordinates_generator/share/coordinates_generator/package.bash'
[4.184s] INFO:colcon.colcon_core.shell:Creating package script '/home/agilex/agilex_mx/install/coordinates_generator/share/coordinates_generator/package.zsh'
[4.184s] Level 1:colcon.colcon_core.environment:create_file_with_runtime_dependencies(/home/agilex/agilex_mx/install/coordinates_generator/share/colcon-core/packages/coordinates_generator)
[4.184s] DEBUG:colcon.colcon_parallel_executor.executor.parallel:closing loop
[4.184s] DEBUG:colcon.colcon_parallel_executor.executor.parallel:loop closed
[4.184s] DEBUG:colcon.colcon_parallel_executor.executor.parallel:run_until_complete finished with '0'
[4.185s] DEBUG:colcon.colcon_core.event_reactor:joining thread
[4.220s] INFO:colcon.colcon_core.plugin_system:Skipping extension 'colcon_notification.desktop_notification.terminal_notifier': Not used on non-Darwin systems
[4.220s] INFO:colcon.colcon_core.plugin_system:Skipping extension 'colcon_notification.desktop_notification.win32': Not used on non-Windows systems
[4.220s] INFO:colcon.colcon_notification.desktop_notification:Sending desktop notification using 'notify2'
[4.234s] DEBUG:colcon.colcon_core.event_reactor:joined thread
[4.253s] INFO:colcon.colcon_core.shell:Creating prefix script '/home/agilex/agilex_mx/install/local_setup.ps1'
[4.254s] INFO:colcon.colcon_core.shell:Creating prefix util module '/home/agilex/agilex_mx/install/_local_setup_util_ps1.py'
[4.256s] INFO:colcon.colcon_core.shell:Creating prefix chain script '/home/agilex/agilex_mx/install/setup.ps1'
[4.282s] INFO:colcon.colcon_core.shell:Creating prefix script '/home/agilex/agilex_mx/install/local_setup.sh'
[4.283s] INFO:colcon.colcon_core.shell:Creating prefix util module '/home/agilex/agilex_mx/install/_local_setup_util_sh.py'
[4.283s] INFO:colcon.colcon_core.shell:Creating prefix chain script '/home/agilex/agilex_mx/install/setup.sh'
[4.309s] INFO:colcon.colcon_core.shell:Creating prefix script '/home/agilex/agilex_mx/install/local_setup.bash'
[4.310s] INFO:colcon.colcon_core.shell:Creating prefix chain script '/home/agilex/agilex_mx/install/setup.bash'
[4.334s] INFO:colcon.colcon_core.shell:Creating prefix script '/home/agilex/agilex_mx/install/local_setup.zsh'
[4.334s] INFO:colcon.colcon_core.shell:Creating prefix chain script '/home/agilex/agilex_mx/install/setup.zsh'
