[0.514s] Invoking command in '/home/agilex/agilex_mx/src/ejecucion': PYTHONPATH=/home/agilex/agilex_mx/build/ejecucion/prefix_override:/home/agilex/agilex_mx/install/ejecucion/lib/python3.10/site-packages:${PYTHONPATH} /usr/bin/python3 setup.py egg_info --egg-base ../../build/ejecucion build --build-base /home/agilex/agilex_mx/build/ejecucion/build install --record /home/agilex/agilex_mx/build/ejecucion/install.log --single-version-externally-managed
[0.655s] running egg_info
[0.656s] writing ../../build/ejecucion/ejecucion.egg-info/PKG-INFO
[0.656s] writing dependency_links to ../../build/ejecucion/ejecucion.egg-info/dependency_links.txt
[0.656s] writing entry points to ../../build/ejecucion/ejecucion.egg-info/entry_points.txt
[0.656s] writing requirements to ../../build/ejecucion/ejecucion.egg-info/requires.txt
[0.656s] writing top-level names to ../../build/ejecucion/ejecucion.egg-info/top_level.txt
[0.657s] reading manifest file '../../build/ejecucion/ejecucion.egg-info/SOURCES.txt'
[0.658s] writing manifest file '../../build/ejecucion/ejecucion.egg-info/SOURCES.txt'
[0.658s] running build
[0.658s] running build_py
[0.658s] copying ejecucion/target_publisher.py -> /home/agilex/agilex_mx/build/ejecucion/build/lib/ejecucion
[0.658s] running install
[0.658s] running install_lib
[0.659s] copying /home/agilex/agilex_mx/build/ejecucion/build/lib/ejecucion/target_publisher.py -> /home/agilex/agilex_mx/install/ejecucion/lib/python3.10/site-packages/ejecucion
[0.659s] byte-compiling /home/agilex/agilex_mx/install/ejecucion/lib/python3.10/site-packages/ejecucion/target_publisher.py to target_publisher.cpython-310.pyc
[0.660s] running install_data
[0.660s] running install_egg_info
[0.661s] removing '/home/agilex/agilex_mx/install/ejecucion/lib/python3.10/site-packages/ejecucion-0.0.0-py3.10.egg-info' (and everything under it)
[0.661s] Copying ../../build/ejecucion/ejecucion.egg-info to /home/agilex/agilex_mx/install/ejecucion/lib/python3.10/site-packages/ejecucion-0.0.0-py3.10.egg-info
[0.661s] running install_scripts
[0.673s] Installing pid_controller script to /home/agilex/agilex_mx/install/ejecucion/lib/ejecucion
[0.673s] Installing target_publisher script to /home/agilex/agilex_mx/install/ejecucion/lib/ejecucion
[0.674s] writing list of installed files to '/home/agilex/agilex_mx/build/ejecucion/install.log'
[0.689s] Invoked command in '/home/agilex/agilex_mx/src/ejecucion' returned '0': PYTHONPATH=/home/agilex/agilex_mx/build/ejecucion/prefix_override:/home/agilex/agilex_mx/install/ejecucion/lib/python3.10/site-packages:${PYTHONPATH} /usr/bin/python3 setup.py egg_info --egg-base ../../build/ejecucion build --build-base /home/agilex/agilex_mx/build/ejecucion/build install --record /home/agilex/agilex_mx/build/ejecucion/install.log --single-version-externally-managed
