[1.008s] Invoking command in '/home/agilex/agilex_mx/src/coordinates_generator': PYTHONPATH=/home/agilex/agilex_mx/build/coordinates_generator/prefix_override:/home/agilex/agilex_mx/install/coordinates_generator/lib/python3.10/site-packages:${PYTHONPATH} /usr/bin/python3 setup.py egg_info --egg-base ../../build/coordinates_generator build --build-base /home/agilex/agilex_mx/build/coordinates_generator/build install --record /home/agilex/agilex_mx/build/coordinates_generator/install.log --single-version-externally-managed
[1.174s] running egg_info
[1.174s] writing ../../build/coordinates_generator/coordinates_generator.egg-info/PKG-INFO
[1.174s] writing dependency_links to ../../build/coordinates_generator/coordinates_generator.egg-info/dependency_links.txt
[1.174s] writing entry points to ../../build/coordinates_generator/coordinates_generator.egg-info/entry_points.txt
[1.174s] writing requirements to ../../build/coordinates_generator/coordinates_generator.egg-info/requires.txt
[1.174s] writing top-level names to ../../build/coordinates_generator/coordinates_generator.egg-info/top_level.txt
[1.175s] reading manifest file '../../build/coordinates_generator/coordinates_generator.egg-info/SOURCES.txt'
[1.176s] writing manifest file '../../build/coordinates_generator/coordinates_generator.egg-info/SOURCES.txt'
[1.176s] running build
[1.176s] running build_py
[1.176s] copying coordinates_generator/person_detector.py -> /home/agilex/agilex_mx/build/coordinates_generator/build/lib/coordinates_generator
[1.176s] running install
[1.176s] running install_lib
[1.177s] copying /home/agilex/agilex_mx/build/coordinates_generator/build/lib/coordinates_generator/person_detector.py -> /home/agilex/agilex_mx/install/coordinates_generator/lib/python3.10/site-packages/coordinates_generator
[1.177s] byte-compiling /home/agilex/agilex_mx/install/coordinates_generator/lib/python3.10/site-packages/coordinates_generator/person_detector.py to person_detector.cpython-310.pyc
[1.178s] running install_data
[1.178s] running install_egg_info
[1.180s] removing '/home/agilex/agilex_mx/install/coordinates_generator/lib/python3.10/site-packages/coordinates_generator-0.1.0-py3.10.egg-info' (and everything under it)
[1.180s] Copying ../../build/coordinates_generator/coordinates_generator.egg-info to /home/agilex/agilex_mx/install/coordinates_generator/lib/python3.10/site-packages/coordinates_generator-0.1.0-py3.10.egg-info
[1.180s] running install_scripts
[1.194s] Installing person_detector script to /home/agilex/agilex_mx/install/coordinates_generator/lib/coordinates_generator
[1.194s] Installing person_tracker script to /home/agilex/agilex_mx/install/coordinates_generator/lib/coordinates_generator
[1.194s] writing list of installed files to '/home/agilex/agilex_mx/build/coordinates_generator/install.log'
[1.215s] Invoked command in '/home/agilex/agilex_mx/src/coordinates_generator' returned '0': PYTHONPATH=/home/agilex/agilex_mx/build/coordinates_generator/prefix_override:/home/agilex/agilex_mx/install/coordinates_generator/lib/python3.10/site-packages:${PYTHONPATH} /usr/bin/python3 setup.py egg_info --egg-base ../../build/coordinates_generator build --build-base /home/agilex/agilex_mx/build/coordinates_generator/build install --record /home/agilex/agilex_mx/build/coordinates_generator/install.log --single-version-externally-managed
