[1.795s] Invoking command in '/home/agilex/agilex_mx/src/coordinates_generator': PYTHONPATH=/home/agilex/agilex_mx/build/coordinates_generator/prefix_override:/home/agilex/agilex_mx/install/coordinates_generator/lib/python3.10/site-packages:${PYTHONPATH} /usr/bin/python3 setup.py egg_info --egg-base ../../build/coordinates_generator build --build-base /home/agilex/agilex_mx/build/coordinates_generator/build install --record /home/agilex/agilex_mx/build/coordinates_generator/install.log --single-version-externally-managed
[2.169s] running egg_info
[2.169s] writing ../../build/coordinates_generator/coordinates_generator.egg-info/PKG-INFO
[2.170s] writing dependency_links to ../../build/coordinates_generator/coordinates_generator.egg-info/dependency_links.txt
[2.170s] writing entry points to ../../build/coordinates_generator/coordinates_generator.egg-info/entry_points.txt
[2.170s] writing requirements to ../../build/coordinates_generator/coordinates_generator.egg-info/requires.txt
[2.170s] writing top-level names to ../../build/coordinates_generator/coordinates_generator.egg-info/top_level.txt
[2.172s] reading manifest file '../../build/coordinates_generator/coordinates_generator.egg-info/SOURCES.txt'
[2.173s] writing manifest file '../../build/coordinates_generator/coordinates_generator.egg-info/SOURCES.txt'
[2.173s] running build
[2.173s] running build_py
[2.173s] running install
[2.174s] running install_lib
[2.175s] running install_data
[2.175s] running install_egg_info
[2.177s] removing '/home/agilex/agilex_mx/install/coordinates_generator/lib/python3.10/site-packages/coordinates_generator-0.1.0-py3.10.egg-info' (and everything under it)
[2.177s] Copying ../../build/coordinates_generator/coordinates_generator.egg-info to /home/agilex/agilex_mx/install/coordinates_generator/lib/python3.10/site-packages/coordinates_generator-0.1.0-py3.10.egg-info
[2.178s] running install_scripts
[2.197s] Installing person_detector script to /home/agilex/agilex_mx/install/coordinates_generator/lib/coordinates_generator
[2.197s] Installing person_tracker script to /home/agilex/agilex_mx/install/coordinates_generator/lib/coordinates_generator
[2.197s] writing list of installed files to '/home/agilex/agilex_mx/build/coordinates_generator/install.log'
[2.220s] Invoked command in '/home/agilex/agilex_mx/src/coordinates_generator' returned '0': PYTHONPATH=/home/agilex/agilex_mx/build/coordinates_generator/prefix_override:/home/agilex/agilex_mx/install/coordinates_generator/lib/python3.10/site-packages:${PYTHONPATH} /usr/bin/python3 setup.py egg_info --egg-base ../../build/coordinates_generator build --build-base /home/agilex/agilex_mx/build/coordinates_generator/build install --record /home/agilex/agilex_mx/build/coordinates_generator/install.log --single-version-externally-managed
