running egg_info
writing ../../build/coordinates_generator/coordinates_generator.egg-info/PKG-INFO
writing dependency_links to ../../build/coordinates_generator/coordinates_generator.egg-info/dependency_links.txt
writing entry points to ../../build/coordinates_generator/coordinates_generator.egg-info/entry_points.txt
writing requirements to ../../build/coordinates_generator/coordinates_generator.egg-info/requires.txt
writing top-level names to ../../build/coordinates_generator/coordinates_generator.egg-info/top_level.txt
reading manifest file '../../build/coordinates_generator/coordinates_generator.egg-info/SOURCES.txt'
writing manifest file '../../build/coordinates_generator/coordinates_generator.egg-info/SOURCES.txt'
running build
running build_py
copying coordinates_generator/person_detector.py -> /home/agilex/agilex_mx/build/coordinates_generator/build/lib/coordinates_generator
running install
running install_lib
copying /home/agilex/agilex_mx/build/coordinates_generator/build/lib/coordinates_generator/person_detector.py -> /home/agilex/agilex_mx/install/coordinates_generator/lib/python3.10/site-packages/coordinates_generator
byte-compiling /home/agilex/agilex_mx/install/coordinates_generator/lib/python3.10/site-packages/coordinates_generator/person_detector.py to person_detector.cpython-310.pyc
running install_data
running install_egg_info
removing '/home/agilex/agilex_mx/install/coordinates_generator/lib/python3.10/site-packages/coordinates_generator-0.1.0-py3.10.egg-info' (and everything under it)
Copying ../../build/coordinates_generator/coordinates_generator.egg-info to /home/agilex/agilex_mx/install/coordinates_generator/lib/python3.10/site-packages/coordinates_generator-0.1.0-py3.10.egg-info
running install_scripts
Installing person_detector script to /home/agilex/agilex_mx/install/coordinates_generator/lib/coordinates_generator
Installing person_tracker script to /home/agilex/agilex_mx/install/coordinates_generator/lib/coordinates_generator
writing list of installed files to '/home/agilex/agilex_mx/build/coordinates_generator/install.log'
