[0.538s] Invoking command in '/home/agilex/agilex_mx/src/ejecucion': PYTHONPATH=/home/agilex/agilex_mx/build/ejecucion/prefix_override:/home/agilex/agilex_mx/install/ejecucion/lib/python3.10/site-packages:${PYTHONPATH} /usr/bin/python3 setup.py egg_info --egg-base ../../build/ejecucion build --build-base /home/agilex/agilex_mx/build/ejecucion/build install --record /home/agilex/agilex_mx/build/ejecucion/install.log --single-version-externally-managed
[0.685s] running egg_info
[0.685s] writing ../../build/ejecucion/ejecucion.egg-info/PKG-INFO
[0.685s] writing dependency_links to ../../build/ejecucion/ejecucion.egg-info/dependency_links.txt
[0.686s] writing entry points to ../../build/ejecucion/ejecucion.egg-info/entry_points.txt
[0.686s] writing requirements to ../../build/ejecucion/ejecucion.egg-info/requires.txt
[0.686s] writing top-level names to ../../build/ejecucion/ejecucion.egg-info/top_level.txt
[0.687s] reading manifest file '../../build/ejecucion/ejecucion.egg-info/SOURCES.txt'
[0.687s] writing manifest file '../../build/ejecucion/ejecucion.egg-info/SOURCES.txt'
[0.687s] running build
[0.687s] running build_py
[0.687s] copying ejecucion/trajectory_controller.py -> /home/agilex/agilex_mx/build/ejecucion/build/lib/ejecucion
[0.687s] running install
[0.687s] running install_lib
[0.688s] copying /home/agilex/agilex_mx/build/ejecucion/build/lib/ejecucion/trajectory_controller.py -> /home/agilex/agilex_mx/install/ejecucion/lib/python3.10/site-packages/ejecucion
[0.688s] byte-compiling /home/agilex/agilex_mx/install/ejecucion/lib/python3.10/site-packages/ejecucion/trajectory_controller.py to trajectory_controller.cpython-310.pyc
[0.689s] running install_data
[0.689s] running install_egg_info
[0.690s] removing '/home/agilex/agilex_mx/install/ejecucion/lib/python3.10/site-packages/ejecucion-0.0.0-py3.10.egg-info' (and everything under it)
[0.690s] Copying ../../build/ejecucion/ejecucion.egg-info to /home/agilex/agilex_mx/install/ejecucion/lib/python3.10/site-packages/ejecucion-0.0.0-py3.10.egg-info
[0.691s] running install_scripts
[0.704s] Installing odom_pid_controller script to /home/agilex/agilex_mx/install/ejecucion/lib/ejecucion
[0.704s] Installing pid_controller script to /home/agilex/agilex_mx/install/ejecucion/lib/ejecucion
[0.704s] Installing target_publisher script to /home/agilex/agilex_mx/install/ejecucion/lib/ejecucion
[0.704s] Installing trajectory_controller script to /home/agilex/agilex_mx/install/ejecucion/lib/ejecucion
[0.704s] writing list of installed files to '/home/agilex/agilex_mx/build/ejecucion/install.log'
[0.718s] Invoked command in '/home/agilex/agilex_mx/src/ejecucion' returned '0': PYTHONPATH=/home/agilex/agilex_mx/build/ejecucion/prefix_override:/home/agilex/agilex_mx/install/ejecucion/lib/python3.10/site-packages:${PYTHONPATH} /usr/bin/python3 setup.py egg_info --egg-base ../../build/ejecucion build --build-base /home/agilex/agilex_mx/build/ejecucion/build install --record /home/agilex/agilex_mx/build/ejecucion/install.log --single-version-externally-managed
