/home/agilex/agilex_mx/install/ejecucion/lib/python3.10/site-packages/ejecucion/__init__.py
/home/agilex/agilex_mx/install/ejecucion/lib/python3.10/site-packages/ejecucion/pid_controller_node.py
/home/agilex/agilex_mx/install/ejecucion/lib/python3.10/site-packages/ejecucion/target_publisher.py
/home/agilex/agilex_mx/install/ejecucion/lib/python3.10/site-packages/ejecucion/trajectory_controller.py
/home/agilex/agilex_mx/install/ejecucion/lib/python3.10/site-packages/ejecucion/odom_pid_controller.py
/home/agilex/agilex_mx/install/ejecucion/lib/python3.10/site-packages/ejecucion/pid_controller.py
/home/agilex/agilex_mx/install/ejecucion/lib/python3.10/site-packages/ejecucion/__pycache__/__init__.cpython-310.pyc
/home/agilex/agilex_mx/install/ejecucion/lib/python3.10/site-packages/ejecucion/__pycache__/pid_controller_node.cpython-310.pyc
/home/agilex/agilex_mx/install/ejecucion/lib/python3.10/site-packages/ejecucion/__pycache__/target_publisher.cpython-310.pyc
/home/agilex/agilex_mx/install/ejecucion/lib/python3.10/site-packages/ejecucion/__pycache__/trajectory_controller.cpython-310.pyc
/home/agilex/agilex_mx/install/ejecucion/lib/python3.10/site-packages/ejecucion/__pycache__/odom_pid_controller.cpython-310.pyc
/home/agilex/agilex_mx/install/ejecucion/lib/python3.10/site-packages/ejecucion/__pycache__/pid_controller.cpython-310.pyc
/home/agilex/agilex_mx/install/ejecucion/share/ament_index/resource_index/packages/ejecucion
/home/agilex/agilex_mx/install/ejecucion/share/ejecucion/package.xml
/home/agilex/agilex_mx/install/ejecucion/share/ejecucion/launch/control_system.launch.py
/home/agilex/agilex_mx/install/ejecucion/lib/python3.10/site-packages/ejecucion-0.0.0-py3.10.egg-info/top_level.txt
/home/agilex/agilex_mx/install/ejecucion/lib/python3.10/site-packages/ejecucion-0.0.0-py3.10.egg-info/SOURCES.txt
/home/agilex/agilex_mx/install/ejecucion/lib/python3.10/site-packages/ejecucion-0.0.0-py3.10.egg-info/requires.txt
/home/agilex/agilex_mx/install/ejecucion/lib/python3.10/site-packages/ejecucion-0.0.0-py3.10.egg-info/zip-safe
/home/agilex/agilex_mx/install/ejecucion/lib/python3.10/site-packages/ejecucion-0.0.0-py3.10.egg-info/entry_points.txt
/home/agilex/agilex_mx/install/ejecucion/lib/python3.10/site-packages/ejecucion-0.0.0-py3.10.egg-info/PKG-INFO
/home/agilex/agilex_mx/install/ejecucion/lib/python3.10/site-packages/ejecucion-0.0.0-py3.10.egg-info/dependency_links.txt
/home/agilex/agilex_mx/install/ejecucion/lib/ejecucion/odom_pid_controller
/home/agilex/agilex_mx/install/ejecucion/lib/ejecucion/pid_controller
/home/agilex/agilex_mx/install/ejecucion/lib/ejecucion/target_publisher
/home/agilex/agilex_mx/install/ejecucion/lib/ejecucion/trajectory_controller
